50002
100004
150006
200008
250010
300012
350014
400016
450018
500020
550022
600024
650026
700028
750030
800032
850034
900036
950038
1000040
1050042
1100044
1150046
1200048
1250050
1300052
1350054
1400056
1450058
1500060
1550062
1600064
1650066
1700068
1750070
1800072
1850074
1900076
1950078
2000080
2050082
2100084
2150086
2200088
2250090
2300092
2350094
2400096
2450098
2500100
2550102
2600104
2650106
2700108
2750110
2800112
2850114
2900116
2950118
3000120
3050122
3100124
3150126
3200128
3250130
3300132
3350134
3400136
3450138
3500140
3550142
3600144
3650146
3700148
3750150
3800152
3850154
3900156
3950158
4000160
4050162
4100164
4150166
4200168
4250170
4300172
4350174
4400176
4450178
4500180
4550182
4600184
4650186
4700188
4750190
4800192
4850194
4900196
4950198
5000200
