zenseCTF{4_3xxzzz}
zenseCTF{4_3xyzyz}
zenseCTF{4_3xyzzy}
zenseCTF{4_3xzxzz}
zenseCTF{4_3xzzxz}
zenseCTF{4_3xzzzx}
zenseCTF{4_3yxyzz}
zenseCTF{4_3yxzyz}
zenseCTF{4_3yxzzy}
zenseCTF{4_3yyxzz}
zenseCTF{4_3yyyyz}
zenseCTF{4_3yyyzy}
zenseCTF{4_3yyzxz}
zenseCTF{4_3yyzzx}
zenseCTF{4_3yzxyz}
zenseCTF{4_3yzxzy}
zenseCTF{4_3yzyxz}
zenseCTF{4_3yzzxy}
zenseCTF{4_3yzzyx}
zenseCTF{4_3zxxzz}
zenseCTF{4_3zxzxz}
zenseCTF{4_3zzxxz}
zenseCTF{4_3zzxzx}
zenseCTF{4lk3xzzz}
zenseCTF{4lk3yyzz}
zenseCTF{4lk3yzyz}
zenseCTF{4lk3yzzy}
zenseCTF{4lk3zxzz}
zenseCTF{4lk3zzxz}
zenseCTF{4lk3zzzx}
zenseCTF{4ll3xyzz}
zenseCTF{4ll3xzyz}
zenseCTF{4ll3xzzy}
zenseCTF{4ll3yxzz}
zenseCTF{4ll3yyyz}
zenseCTF{4ll3yyzy}
zenseCTF{4ll3yzxz}
zenseCTF{4ll3yzzx}
zenseCTF{4ll3zxyz}
zenseCTF{4ll3zxzy}
zenseCTF{4ll3zyxz}
zenseCTF{4ll3zzxy}
zenseCTF{4ll3zzyx}
zenseCTF{4lly3xzz}
zenseCTF{4lly3yyz}
zenseCTF{4lly3yzy}
zenseCTF{4lly3zxz}
zenseCTF{4lly3zzx}
zenseCTF{4lyk3yzz}
zenseCTF{4lyk3zyz}
zenseCTF{4lyk3zzy}
zenseCTF{4y_3xyzz}
zenseCTF{4y_3xzyz}
zenseCTF{4y_3xzzy}
zenseCTF{4y_3yxzz}
zenseCTF{4y_3yyyz}
zenseCTF{4y_3yyzy}
zenseCTF{4y_3yzxz}
zenseCTF{4y_3yzzx}
zenseCTF{4y_3zxyz}
zenseCTF{4y_3zxzy}
zenseCTF{4y_3zyxz}
zenseCTF{4y_3zzxy}
zenseCTF{4y_3zzyx}
zenseCTF{54_xxxzz}
zenseCTF{54_xxyyz}
zenseCTF{54_xxyzy}
zenseCTF{54_xxzxz}
zenseCTF{54_xxzzx}
zenseCTF{54_xyxyz}
zenseCTF{54_xyxzy}
zenseCTF{54_xyyxz}
zenseCTF{54_xyzxy}
zenseCTF{54_xyzyx}
zenseCTF{54_xzxxz}
zenseCTF{54_xzxzx}
zenseCTF{54_xzzxx}
zenseCTF{54_yxxyz}
zenseCTF{54_yxxzy}
zenseCTF{54_yxyxz}
zenseCTF{54_yxyzx}
zenseCTF{54_yxzxy}
zenseCTF{54_yxzyx}
zenseCTF{54_yyxxz}
zenseCTF{54_yyxyy}
zenseCTF{54_yyxzx}
zenseCTF{54_yyyxy}
zenseCTF{54_yyyyx}
zenseCTF{54_yyzxx}
zenseCTF{54_yzxxy}
zenseCTF{54_yzxyx}
zenseCTF{54_zxxxz}
zenseCTF{54_zxxzx}
zenseCTF{54_zzxxx}
zenseCTF{54lkxxzz}
zenseCTF{54lkxyyz}
zenseCTF{54lkxyzy}
zenseCTF{54lkxzxz}
zenseCTF{54lkxzzx}
zenseCTF{54lkyxyz}
zenseCTF{54lkyxzy}
zenseCTF{54lkyyxz}
zenseCTF{54lkyyyy}
zenseCTF{54lkyyzx}
zenseCTF{54lkyzxy}
zenseCTF{54lkyzyx}
zenseCTF{54lkzxxz}
zenseCTF{54lkzxzx}
zenseCTF{54lkzzxx}
zenseCTF{54llxxyz}
zenseCTF{54llxxzy}
zenseCTF{54llxyxz}
zenseCTF{54llxyzx}
zenseCTF{54llxzxy}
zenseCTF{54llxzyx}
zenseCTF{54llyxxz}
zenseCTF{54llyxyy}
zenseCTF{54llyxzx}
zenseCTF{54llyyxy}
zenseCTF{54llyyyx}
zenseCTF{54llyzxx}
zenseCTF{54llzxxy}
zenseCTF{54llzxyx}
zenseCTF{54lykxyz}
zenseCTF{54lykxzy}
zenseCTF{54lykyxz}
zenseCTF{54lykyyy}
zenseCTF{54lykyzx}
zenseCTF{54lykzxy}
zenseCTF{54lykzyx}
zenseCTF{54y_xxyz}
zenseCTF{54y_xxzy}
zenseCTF{54y_xyxz}
zenseCTF{54y_xyzx}
zenseCTF{54y_xzxy}
zenseCTF{54y_xzyx}
zenseCTF{54y_yxxz}
zenseCTF{54y_yxyy}
zenseCTF{54y_yxzx}
zenseCTF{54y_yyxy}
zenseCTF{54y_yyyx}
zenseCTF{54y_yzxx}
zenseCTF{54y_zxxy}
zenseCTF{54y_zxyx}
zenseCTF{5_3xxyzz}
zenseCTF{5_3xxzyz}
zenseCTF{5_3xxzzy}
zenseCTF{5_3xyxzz}
zenseCTF{5_3xyzxz}
zenseCTF{5_3xyzzx}
zenseCTF{5_3xzxyz}
zenseCTF{5_3xzxzy}
zenseCTF{5_3xzyxz}
zenseCTF{5_3xzzxy}
zenseCTF{5_3xzzyx}
zenseCTF{5_3yxxzz}
zenseCTF{5_3yxyyz}
zenseCTF{5_3yxyzy}
zenseCTF{5_3yxzxz}
zenseCTF{5_3yxzzx}
zenseCTF{5_3yyxyz}
zenseCTF{5_3yyxzy}
zenseCTF{5_3yyyxz}
zenseCTF{5_3yyyzx}
zenseCTF{5_3yyzxy}
zenseCTF{5_3yyzyx}
zenseCTF{5_3yzxxz}
zenseCTF{5_3yzxzx}
zenseCTF{5_3yzzxx}
zenseCTF{5_3zxxyz}
zenseCTF{5_3zxxzy}
zenseCTF{5_3zxyxz}
zenseCTF{5_3zxzyx}
zenseCTF{5_3zzxxy}
zenseCTF{5_3zzxyx}
zenseCTF{5lk3xyzz}
zenseCTF{5lk3xzyz}
zenseCTF{5lk3xzzy}
zenseCTF{5lk3yxzz}
zenseCTF{5lk3yyyz}
zenseCTF{5lk3yyzy}
zenseCTF{5lk3yzxz}
zenseCTF{5lk3yzzx}
zenseCTF{5lk3zxyz}
zenseCTF{5lk3zxzy}
zenseCTF{5lk3zyxz}
zenseCTF{5lk3zzxy}
zenseCTF{5lk3zzyx}
zenseCTF{5ll3xxzz}
zenseCTF{5ll3xyyz}
zenseCTF{5ll3xyzy}
zenseCTF{5ll3xzxz}
zenseCTF{5ll3xzzx}
zenseCTF{5ll3yxyz}
zenseCTF{5ll3yxzy}
zenseCTF{5ll3yyxz}
zenseCTF{5ll3yyyy}
zenseCTF{5ll3yyzx}
zenseCTF{5ll3yzxy}
zenseCTF{5ll3yzyx}
zenseCTF{5ll3zxxz}
zenseCTF{5ll3zxzx}
zenseCTF{5ll3zzxx}
zenseCTF{5lly3xyz}
zenseCTF{5lly3xzy}
zenseCTF{5lly3yxz}
zenseCTF{5lly3yyy}
zenseCTF{5lly3yzx}
zenseCTF{5lly3zxy}
zenseCTF{5lly3zyx}
zenseCTF{5lyk3xzz}
zenseCTF{5lyk3yyz}
zenseCTF{5lyk3yzy}
zenseCTF{5lyk3zxz}
zenseCTF{5lyk3zzx}
zenseCTF{5m4kxxyz}
zenseCTF{5m4kxxzy}
zenseCTF{5m4kxyxz}
zenseCTF{5m4kxyzx}
zenseCTF{5m4kxzxy}
zenseCTF{5m4kxzyx}
zenseCTF{5m4kyxxz}
zenseCTF{5m4kyxyy}
zenseCTF{5m4kyxzx}
zenseCTF{5m4kyyxy}
zenseCTF{5m4kyyyx}
zenseCTF{5m4kyzxx}
zenseCTF{5m4kzxxy}
zenseCTF{5m4kzxyx}
zenseCTF{5m4ll_k3y}
zenseCTF{5m4lly_k3}
zenseCTF{5m4lxxxz}
zenseCTF{5m4lxxyy}
zenseCTF{5m4lxxzx}
zenseCTF{5m4lxyxy}
zenseCTF{5m4lxyyx}
zenseCTF{5m4lxzxx}
zenseCTF{5m4lyxxy}
zenseCTF{5m4lyxyx}
zenseCTF{5m4lyyxx}
zenseCTF{5m4lzxxx}
zenseCTF{5m4ykxxz}
zenseCTF{5m4ykxyy}
zenseCTF{5m4ykxzx}
zenseCTF{5m4ykyxy}
zenseCTF{5m4ykyyx}
zenseCTF{5m4ykzxx}
zenseCTF{5mk3xxzz}
zenseCTF{5mk3xyyz}
zenseCTF{5mk3xyzy}
zenseCTF{5mk3xzxz}
zenseCTF{5mk3xzzx}
zenseCTF{5mk3yxyz}
zenseCTF{5mk3yxzy}
zenseCTF{5mk3yyxz}
zenseCTF{5mk3yyyy}
zenseCTF{5mk3yyzx}
zenseCTF{5mk3yzxy}
zenseCTF{5mk3yzyx}
zenseCTF{5mk3zxxz}
zenseCTF{5mk3zxzx}
zenseCTF{5mk3zzxx}
zenseCTF{5ml3xxyz}
zenseCTF{5ml3xxzy}
zenseCTF{5ml3xyxz}
zenseCTF{5ml3xyzx}
zenseCTF{5ml3xzxy}
zenseCTF{5ml3xzyx}
zenseCTF{5ml3yxxz}
zenseCTF{5ml3yxyy}
zenseCTF{5ml3yxzx}
zenseCTF{5ml3yyxy}
zenseCTF{5ml3yyyx}
zenseCTF{5ml3yzxx}
zenseCTF{5ml3zxxy}
zenseCTF{5ml3zxyx}
zenseCTF{5mly3xxz}
zenseCTF{5mly3xyy}
zenseCTF{5mly3xzx}
zenseCTF{5mly3yxy}
zenseCTF{5mly3yyx}
zenseCTF{5mly3zxx}
zenseCTF{5myk3xyz}
zenseCTF{5myk3xzy}
zenseCTF{5myk3yxz}
zenseCTF{5myk3yyy}
zenseCTF{5myk3yzx}
zenseCTF{5myk3zxy}
zenseCTF{5myk3zyx}
zenseCTF{5y_3xxzz}
zenseCTF{5y_3xyyz}
zenseCTF{5y_3xyzy}
zenseCTF{5y_3xzxz}
zenseCTF{5y_3xzzx}
zenseCTF{5y_3yxyz}
zenseCTF{5y_3yxzy}
zenseCTF{5y_3yyxz}
zenseCTF{5y_3yyyy}
zenseCTF{5y_3yyzx}
zenseCTF{5y_3yzxy}
zenseCTF{5y_3yzyx}
zenseCTF{5y_3zxxz}
zenseCTF{5y_3zxzx}
zenseCTF{5y_3zzxx}
zenseCTF{_kxxxxz}
zenseCTF{_kxxxyy}
zenseCTF{_kxxxzx}
zenseCTF{_kxxyxy}
zenseCTF{_kxxyyx}
zenseCTF{_kxxzxx}
zenseCTF{_kxyxxy}
zenseCTF{_kxyxyx}
zenseCTF{_kxzxxx}
zenseCTF{_kyxxxy}
zenseCTF{_kyxxyx}
zenseCTF{_kyxyxx}
zenseCTF{_kyyxxx}
zenseCTF{l_xxxxy}
zenseCTF{l_xxxyx}
zenseCTF{l_xxyxx}
zenseCTF{l_xyxxx}
zenseCTF{l_yxxxx}
zenseCTF{llkxxxy}
zenseCTF{llkxxyx}
zenseCTF{llkxyxx}
zenseCTF{llkyxxx}
zenseCTF{llykxxx}
zenseCTF{ly_xxxx}
zenseCTF{m4k3xyzz}
zenseCTF{m4k3xzyz}
zenseCTF{m4k3xzzy}
zenseCTF{m4k3yxzz}
zenseCTF{m4k3yyyz}
zenseCTF{m4k3yyzy}
zenseCTF{m4k3yzxz}
zenseCTF{m4k3yzzx}
zenseCTF{m4k3zxyz}
zenseCTF{m4k3zxzy}
zenseCTF{m4k3zyxz}
zenseCTF{m4k3zzxy}
zenseCTF{m4k3zzyx}
zenseCTF{m4l3xxzz}
zenseCTF{m4l3xyyz}
zenseCTF{m4l3xyzy}
zenseCTF{m4l3xzxz}
zenseCTF{m4l3xzzx}
zenseCTF{m4l3yxyz}
zenseCTF{m4l3yxzy}
zenseCTF{m4l3yyxz}
zenseCTF{m4l3yyyy}
zenseCTF{m4l3yyzx}
zenseCTF{m4l3yzxy}
zenseCTF{m4l3yzyx}
zenseCTF{m4l3zxxz}
zenseCTF{m4l3zxzx}
zenseCTF{m4l3zzxx}
zenseCTF{m4ly3xyz}
zenseCTF{m4ly3xzy}
zenseCTF{m4ly3yxz}
zenseCTF{m4ly3yyy}
zenseCTF{m4ly3yzx}
zenseCTF{m4ly3zxy}
zenseCTF{m4ly3zyx}
zenseCTF{m4yk3xzz}
zenseCTF{m4yk3yyz}
zenseCTF{m4yk3yzy}
zenseCTF{m4yk3zxz}
zenseCTF{m4yk3zzx}
zenseCTF{m_xxxxx}
zenseCTF{mlkxxxx}
zenseCTF{y_kxxxy}
zenseCTF{y_kxxyx}
zenseCTF{y_kxyxx}
zenseCTF{y_kyxxx}
