39.99999999999869260137
40.99999999999934630068
41.99999999999967315034
42.99999999999983657517
43.99999999999992184030
44.99999999999995736744
45.99999999999997868372
46.99999999999999289457
48.00000000000000000000
49.00000000000000000000
50.00000000000000000000
51.00000000000000710543
52.00000000000000000000
53.00000000000000000000
54.00000000000000000000
55.00000000000000710543
56.00000000000000000000
57.00000000000000000000
58.00000000000000710543
59.00000000000000710543
60.00000000000000000000
61.00000000000000000000
62.00000000000000710543
63.00000000000000000000
64.00000000000000000000
65.00000000000000000000
66.00000000000000000000
67.00000000000000000000
68.00000000000000000000
69.00000000000000000000
