i : 1 j : 3
0 0 0 0 0 0 0 0 0 0 0 0 
0 0 0 0 0 0 0 0 0 0 0 0 
0 0 0 0 0 0 0 0 0 0 0 0 
0 0 0 0 0 0 0 0 0 0 0 0 
0 0 0 0 0 0 0 0 0 0 0 0 
0 0 0 0 0 0 0 0 0 0 0 0 
0 0 0 0 0 0 0 0 0 0 0 0 
0 0 0 0 0 0 0 0 0 0 0 0 
0 0 0 0 0 0 0 0 0 0 0 0 
0 0 0 0 0 0 0 0 0 0 0 0 
0 0 0 0 0 0 0 0 0 0 0 0 
i : 0 j : 3
0 0 0 0 0 0 0 0 0 0 0 0 
0 0 0 4 0 0 0 0 0 0 0 0 
0 0 0 0 0 0 0 0 0 0 0 0 
0 0 0 0 0 0 0 0 0 0 0 0 
0 0 0 0 0 0 0 0 0 0 0 0 
0 0 0 0 0 0 0 0 0 0 0 0 
0 0 0 0 0 0 0 0 0 0 0 0 
0 0 0 0 0 0 0 0 0 0 0 0 
0 0 0 0 0 0 0 0 0 0 0 0 
0 0 0 0 0 0 0 0 0 0 0 0 
0 0 0 0 0 0 0 0 0 0 0 0 
i : 1 j : 2
0 0 0 4 0 0 0 0 0 0 0 0 
0 0 0 4 0 0 0 0 0 0 0 0 
0 0 0 0 0 0 0 0 0 0 0 0 
0 0 0 0 0 0 0 0 0 0 0 0 
0 0 0 0 0 0 0 0 0 0 0 0 
0 0 0 0 0 0 0 0 0 0 0 0 
0 0 0 0 0 0 0 0 0 0 0 0 
0 0 0 0 0 0 0 0 0 0 0 0 
0 0 0 0 0 0 0 0 0 0 0 0 
0 0 0 0 0 0 0 0 0 0 0 0 
0 0 0 0 0 0 0 0 0 0 0 0 
i : 0 j : 2
0 0 0 4 0 0 0 0 0 0 0 0 
0 0 4 4 0 0 0 0 0 0 0 0 
0 0 0 0 0 0 0 0 0 0 0 0 
0 0 0 0 0 0 0 0 0 0 0 0 
0 0 0 0 0 0 0 0 0 0 0 0 
0 0 0 0 0 0 0 0 0 0 0 0 
0 0 0 0 0 0 0 0 0 0 0 0 
0 0 0 0 0 0 0 0 0 0 0 0 
0 0 0 0 0 0 0 0 0 0 0 0 
0 0 0 0 0 0 0 0 0 0 0 0 
0 0 0 0 0 0 0 0 0 0 0 0 
i : 1 j : 4
0 0 4 4 0 0 0 0 0 0 0 0 
0 0 4 4 0 0 0 0 0 0 0 0 
0 0 0 0 0 0 0 0 0 0 0 0 
0 0 0 0 0 0 0 0 0 0 0 0 
0 0 0 0 0 0 0 0 0 0 0 0 
0 0 0 0 0 0 0 0 0 0 0 0 
0 0 0 0 0 0 0 0 0 0 0 0 
0 0 0 0 0 0 0 0 0 0 0 0 
0 0 0 0 0 0 0 0 0 0 0 0 
0 0 0 0 0 0 0 0 0 0 0 0 
0 0 0 0 0 0 0 0 0 0 0 0 
i : 0 j : 4
0 0 4 4 0 0 0 0 0 0 0 0 
0 0 4 4 4 0 0 0 0 0 0 0 
0 0 0 0 0 0 0 0 0 0 0 0 
0 0 0 0 0 0 0 0 0 0 0 0 
0 0 0 0 0 0 0 0 0 0 0 0 
0 0 0 0 0 0 0 0 0 0 0 0 
0 0 0 0 0 0 0 0 0 0 0 0 
0 0 0 0 0 0 0 0 0 0 0 0 
0 0 0 0 0 0 0 0 0 0 0 0 
0 0 0 0 0 0 0 0 0 0 0 0 
0 0 0 0 0 0 0 0 0 0 0 0 
i : 1 j : 5
0 0 4 4 4 0 0 0 0 0 0 0 
0 0 4 4 4 0 0 0 0 0 0 0 
0 0 0 0 0 0 0 0 0 0 0 0 
0 0 0 0 0 0 0 0 0 0 0 0 
0 0 0 0 0 0 0 0 0 0 0 0 
0 0 0 0 0 0 0 0 0 0 0 0 
0 0 0 0 0 0 0 0 0 0 0 0 
0 0 0 0 0 0 0 0 0 0 0 0 
0 0 0 0 0 0 0 0 0 0 0 0 
0 0 0 0 0 0 0 0 0 0 0 0 
0 0 0 0 0 0 0 0 0 0 0 0 
i : 0 j : 5
0 0 4 4 4 0 0 0 0 0 0 0 
0 0 4 4 4 4 0 0 0 0 0 0 
0 0 0 0 0 0 0 0 0 0 0 0 
0 0 0 0 0 0 0 0 0 0 0 0 
0 0 0 0 0 0 0 0 0 0 0 0 
0 0 0 0 0 0 0 0 0 0 0 0 
0 0 0 0 0 0 0 0 0 0 0 0 
0 0 0 0 0 0 0 0 0 0 0 0 
0 0 0 0 0 0 0 0 0 0 0 0 
0 0 0 0 0 0 0 0 0 0 0 0 
0 0 0 0 0 0 0 0 0 0 0 0 
i : 2 j : 1
0 0 4 4 4 4 0 0 0 0 0 0 
0 0 4 4 4 4 0 0 0 0 0 0 
0 0 0 0 0 0 0 0 0 0 0 0 
0 0 0 0 0 0 0 0 0 0 0 0 
0 0 0 0 0 0 0 0 0 0 0 0 
0 0 0 0 0 0 0 0 0 0 0 0 
0 0 0 0 0 0 0 0 0 0 0 0 
0 0 0 0 0 0 0 0 0 0 0 0 
0 0 0 0 0 0 0 0 0 0 0 0 
0 0 0 0 0 0 0 0 0 0 0 0 
0 0 0 0 0 0 0 0 0 0 0 0 
i : 2 j : 0
0 0 4 4 4 4 0 0 0 0 0 0 
0 0 4 4 4 4 0 0 0 0 0 0 
0 2 0 0 0 0 0 0 0 0 0 0 
0 0 0 0 0 0 0 0 0 0 0 0 
0 0 0 0 0 0 0 0 0 0 0 0 
0 0 0 0 0 0 0 0 0 0 0 0 
0 0 0 0 0 0 0 0 0 0 0 0 
0 0 0 0 0 0 0 0 0 0 0 0 
0 0 0 0 0 0 0 0 0 0 0 0 
0 0 0 0 0 0 0 0 0 0 0 0 
0 0 0 0 0 0 0 0 0 0 0 0 
i : 1 j : 6
0 0 4 4 4 4 0 0 0 0 0 0 
0 0 4 4 4 4 0 0 0 0 0 0 
2 2 0 0 0 0 0 0 0 0 0 0 
0 0 0 0 0 0 0 0 0 0 0 0 
0 0 0 0 0 0 0 0 0 0 0 0 
0 0 0 0 0 0 0 0 0 0 0 0 
0 0 0 0 0 0 0 0 0 0 0 0 
0 0 0 0 0 0 0 0 0 0 0 0 
0 0 0 0 0 0 0 0 0 0 0 0 
0 0 0 0 0 0 0 0 0 0 0 0 
0 0 0 0 0 0 0 0 0 0 0 0 
i : 0 j : 6
0 0 4 4 4 4 0 0 0 0 0 0 
0 0 4 4 4 4 4 0 0 0 0 0 
2 2 0 0 0 0 0 0 0 0 0 0 
0 0 0 0 0 0 0 0 0 0 0 0 
0 0 0 0 0 0 0 0 0 0 0 0 
0 0 0 0 0 0 0 0 0 0 0 0 
0 0 0 0 0 0 0 0 0 0 0 0 
0 0 0 0 0 0 0 0 0 0 0 0 
0 0 0 0 0 0 0 0 0 0 0 0 
0 0 0 0 0 0 0 0 0 0 0 0 
0 0 0 0 0 0 0 0 0 0 0 0 
i : 3 j : 1
0 0 4 4 4 4 4 0 0 0 0 0 
0 0 4 4 4 4 4 0 0 0 0 0 
2 2 0 0 0 0 0 0 0 0 0 0 
0 0 0 0 0 0 0 0 0 0 0 0 
0 0 0 0 0 0 0 0 0 0 0 0 
0 0 0 0 0 0 0 0 0 0 0 0 
0 0 0 0 0 0 0 0 0 0 0 0 
0 0 0 0 0 0 0 0 0 0 0 0 
0 0 0 0 0 0 0 0 0 0 0 0 
0 0 0 0 0 0 0 0 0 0 0 0 
0 0 0 0 0 0 0 0 0 0 0 0 
i : 3 j : 0
0 0 4 4 4 4 4 0 0 0 0 0 
0 0 4 4 4 4 4 0 0 0 0 0 
2 2 0 0 0 0 0 0 0 0 0 0 
0 2 0 0 0 0 0 0 0 0 0 0 
0 0 0 0 0 0 0 0 0 0 0 0 
0 0 0 0 0 0 0 0 0 0 0 0 
0 0 0 0 0 0 0 0 0 0 0 0 
0 0 0 0 0 0 0 0 0 0 0 0 
0 0 0 0 0 0 0 0 0 0 0 0 
0 0 0 0 0 0 0 0 0 0 0 0 
0 0 0 0 0 0 0 0 0 0 0 0 
i : 1 j : 7
0 0 4 4 4 4 4 0 0 0 0 0 
0 0 4 4 4 4 4 0 0 0 0 0 
2 2 0 0 0 0 0 0 0 0 0 0 
2 2 0 0 0 0 0 0 0 0 0 0 
0 0 0 0 0 0 0 0 0 0 0 0 
0 0 0 0 0 0 0 0 0 0 0 0 
0 0 0 0 0 0 0 0 0 0 0 0 
0 0 0 0 0 0 0 0 0 0 0 0 
0 0 0 0 0 0 0 0 0 0 0 0 
0 0 0 0 0 0 0 0 0 0 0 0 
0 0 0 0 0 0 0 0 0 0 0 0 
i : 0 j : 7
0 0 4 4 4 4 4 0 0 0 0 0 
0 0 4 4 4 4 4 4 0 0 0 0 
2 2 0 0 0 0 0 0 0 0 0 0 
2 2 0 0 0 0 0 0 0 0 0 0 
0 0 0 0 0 0 0 0 0 0 0 0 
0 0 0 0 0 0 0 0 0 0 0 0 
0 0 0 0 0 0 0 0 0 0 0 0 
0 0 0 0 0 0 0 0 0 0 0 0 
0 0 0 0 0 0 0 0 0 0 0 0 
0 0 0 0 0 0 0 0 0 0 0 0 
0 0 0 0 0 0 0 0 0 0 0 0 
i : 4 j : 1
0 0 4 4 4 4 4 4 0 0 0 0 
0 0 4 4 4 4 4 4 0 0 0 0 
2 2 0 0 0 0 0 0 0 0 0 0 
2 2 0 0 0 0 0 0 0 0 0 0 
0 0 0 0 0 0 0 0 0 0 0 0 
0 0 0 0 0 0 0 0 0 0 0 0 
0 0 0 0 0 0 0 0 0 0 0 0 
0 0 0 0 0 0 0 0 0 0 0 0 
0 0 0 0 0 0 0 0 0 0 0 0 
0 0 0 0 0 0 0 0 0 0 0 0 
0 0 0 0 0 0 0 0 0 0 0 0 
i : 4 j : 0
0 0 4 4 4 4 4 4 0 0 0 0 
0 0 4 4 4 4 4 4 0 0 0 0 
2 2 0 0 0 0 0 0 0 0 0 0 
2 2 0 0 0 0 0 0 0 0 0 0 
0 2 0 0 0 0 0 0 0 0 0 0 
0 0 0 0 0 0 0 0 0 0 0 0 
0 0 0 0 0 0 0 0 0 0 0 0 
0 0 0 0 0 0 0 0 0 0 0 0 
0 0 0 0 0 0 0 0 0 0 0 0 
0 0 0 0 0 0 0 0 0 0 0 0 
0 0 0 0 0 0 0 0 0 0 0 0 
i : 5 j : 1
0 0 4 4 4 4 4 4 0 0 0 0 
0 0 4 4 4 4 4 4 0 0 0 0 
2 2 0 0 0 0 0 0 0 0 0 0 
2 2 0 0 0 0 0 0 0 0 0 0 
2 2 0 0 0 0 0 0 0 0 0 0 
0 0 0 0 0 0 0 0 0 0 0 0 
0 0 0 0 0 0 0 0 0 0 0 0 
0 0 0 0 0 0 0 0 0 0 0 0 
0 0 0 0 0 0 0 0 0 0 0 0 
0 0 0 0 0 0 0 0 0 0 0 0 
0 0 0 0 0 0 0 0 0 0 0 0 
i : 5 j : 0
0 0 4 4 4 4 4 4 0 0 0 0 
0 0 4 4 4 4 4 4 0 0 0 0 
2 2 0 0 0 0 0 0 0 0 0 0 
2 2 0 0 0 0 0 0 0 0 0 0 
2 2 0 0 0 0 0 0 0 0 0 0 
0 2 0 0 0 0 0 0 0 0 0 0 
0 0 0 0 0 0 0 0 0 0 0 0 
0 0 0 0 0 0 0 0 0 0 0 0 
0 0 0 0 0 0 0 0 0 0 0 0 
0 0 0 0 0 0 0 0 0 0 0 0 
0 0 0 0 0 0 0 0 0 0 0 0 
i : 2 j : 8
0 0 4 4 4 4 4 4 0 0 0 0 
0 0 4 4 4 4 4 4 0 0 0 0 
2 2 0 0 0 0 0 0 0 0 0 0 
2 2 0 0 0 0 0 0 0 0 0 0 
2 2 0 0 0 0 0 0 0 0 0 0 
2 2 0 0 0 0 0 0 0 0 0 0 
0 0 0 0 0 0 0 0 0 0 0 0 
0 0 0 0 0 0 0 0 0 0 0 0 
0 0 0 0 0 0 0 0 0 0 0 0 
0 0 0 0 0 0 0 0 0 0 0 0 
0 0 0 0 0 0 0 0 0 0 0 0 
i : 2 j : 8
0 0 4 4 4 4 4 4 0 0 0 0 
0 0 4 4 4 4 4 4 0 0 0 0 
2 2 0 0 0 0 0 0 1 0 0 0 
2 2 0 0 0 0 0 0 0 0 0 0 
2 2 0 0 0 0 0 0 0 0 0 0 
2 2 0 0 0 0 0 0 0 0 0 0 
0 0 0 0 0 0 0 0 0 0 0 0 
0 0 0 0 0 0 0 0 0 0 0 0 
0 0 0 0 0 0 0 0 0 0 0 0 
0 0 0 0 0 0 0 0 0 0 0 0 
0 0 0 0 0 0 0 0 0 0 0 0 
i : 6 j : 1
0 0 4 4 4 4 4 4 0 0 0 0 
0 0 4 4 4 4 4 4 0 0 0 0 
2 2 0 0 0 0 0 0 3 0 0 0 
2 2 0 0 0 0 0 0 0 0 0 0 
2 2 0 0 0 0 0 0 0 0 0 0 
2 2 0 0 0 0 0 0 0 0 0 0 
0 0 0 0 0 0 0 0 0 0 0 0 
0 0 0 0 0 0 0 0 0 0 0 0 
0 0 0 0 0 0 0 0 0 0 0 0 
0 0 0 0 0 0 0 0 0 0 0 0 
0 0 0 0 0 0 0 0 0 0 0 0 
i : 6 j : 0
0 0 4 4 4 4 4 4 0 0 0 0 
0 0 4 4 4 4 4 4 0 0 0 0 
2 2 0 0 0 0 0 0 3 0 0 0 
2 2 0 0 0 0 0 0 0 0 0 0 
2 2 0 0 0 0 0 0 0 0 0 0 
2 2 0 0 0 0 0 0 0 0 0 0 
0 2 0 0 0 0 0 0 0 0 0 0 
0 0 0 0 0 0 0 0 0 0 0 0 
0 0 0 0 0 0 0 0 0 0 0 0 
0 0 0 0 0 0 0 0 0 0 0 0 
0 0 0 0 0 0 0 0 0 0 0 0 
i : 3 j : 8
0 0 4 4 4 4 4 4 0 0 0 0 
0 0 4 4 4 4 4 4 0 0 0 0 
2 2 0 0 0 0 0 0 3 0 0 0 
2 2 0 0 0 0 0 0 0 0 0 0 
2 2 0 0 0 0 0 0 0 0 0 0 
2 2 0 0 0 0 0 0 0 0 0 0 
2 2 0 0 0 0 0 0 0 0 0 0 
0 0 0 0 0 0 0 0 0 0 0 0 
0 0 0 0 0 0 0 0 0 0 0 0 
0 0 0 0 0 0 0 0 0 0 0 0 
0 0 0 0 0 0 0 0 0 0 0 0 
i : 3 j : 8
0 0 4 4 4 4 4 4 0 0 0 0 
0 0 4 4 4 4 4 4 0 0 0 0 
2 2 0 0 0 0 0 0 3 0 0 0 
2 2 0 0 0 0 0 0 1 0 0 0 
2 2 0 0 0 0 0 0 0 0 0 0 
2 2 0 0 0 0 0 0 0 0 0 0 
2 2 0 0 0 0 0 0 0 0 0 0 
0 0 0 0 0 0 0 0 0 0 0 0 
0 0 0 0 0 0 0 0 0 0 0 0 
0 0 0 0 0 0 0 0 0 0 0 0 
0 0 0 0 0 0 0 0 0 0 0 0 
i : 7 j : 1
0 0 4 4 4 4 4 4 0 0 0 0 
0 0 4 4 4 4 4 4 0 0 0 0 
2 2 0 0 0 0 0 0 3 0 0 0 
2 2 0 0 0 0 0 0 3 0 0 0 
2 2 0 0 0 0 0 0 0 0 0 0 
2 2 0 0 0 0 0 0 0 0 0 0 
2 2 0 0 0 0 0 0 0 0 0 0 
0 0 0 0 0 0 0 0 0 0 0 0 
0 0 0 0 0 0 0 0 0 0 0 0 
0 0 0 0 0 0 0 0 0 0 0 0 
0 0 0 0 0 0 0 0 0 0 0 0 
i : 7 j : 0
0 0 4 4 4 4 4 4 0 0 0 0 
0 0 4 4 4 4 4 4 0 0 0 0 
2 2 0 0 0 0 0 0 3 0 0 0 
2 2 0 0 0 0 0 0 3 0 0 0 
2 2 0 0 0 0 0 0 0 0 0 0 
2 2 0 0 0 0 0 0 0 0 0 0 
2 2 0 0 0 0 0 0 0 0 0 0 
0 2 0 0 0 0 0 0 0 0 0 0 
0 0 0 0 0 0 0 0 0 0 0 0 
0 0 0 0 0 0 0 0 0 0 0 0 
0 0 0 0 0 0 0 0 0 0 0 0 
i : 4 j : 8
0 0 4 4 4 4 4 4 0 0 0 0 
0 0 4 4 4 4 4 4 0 0 0 0 
2 2 0 0 0 0 0 0 3 0 0 0 
2 2 0 0 0 0 0 0 3 0 0 0 
2 2 0 0 0 0 0 0 0 0 0 0 
2 2 0 0 0 0 0 0 0 0 0 0 
2 2 0 0 0 0 0 0 0 0 0 0 
2 2 0 0 0 0 0 0 0 0 0 0 
0 0 0 0 0 0 0 0 0 0 0 0 
0 0 0 0 0 0 0 0 0 0 0 0 
0 0 0 0 0 0 0 0 0 0 0 0 
i : 4 j : 8
0 0 4 4 4 4 4 4 0 0 0 0 
0 0 4 4 4 4 4 4 0 0 0 0 
2 2 0 0 0 0 0 0 3 0 0 0 
2 2 0 0 0 0 0 0 3 0 0 0 
2 2 0 0 0 0 0 0 1 0 0 0 
2 2 0 0 0 0 0 0 0 0 0 0 
2 2 0 0 0 0 0 0 0 0 0 0 
2 2 0 0 0 0 0 0 0 0 0 0 
0 0 0 0 0 0 0 0 0 0 0 0 
0 0 0 0 0 0 0 0 0 0 0 0 
0 0 0 0 0 0 0 0 0 0 0 0 
i : 8 j : 1
0 0 4 4 4 4 4 4 0 0 0 0 
0 0 4 4 4 4 4 4 0 0 0 0 
2 2 0 0 0 0 0 0 3 0 0 0 
2 2 0 0 0 0 0 0 3 0 0 0 
2 2 0 0 0 0 0 0 3 0 0 0 
2 2 0 0 0 0 0 0 0 0 0 0 
2 2 0 0 0 0 0 0 0 0 0 0 
2 2 0 0 0 0 0 0 0 0 0 0 
0 0 0 0 0 0 0 0 0 0 0 0 
0 0 0 0 0 0 0 0 0 0 0 0 
0 0 0 0 0 0 0 0 0 0 0 0 
i : 8 j : 0
0 0 4 4 4 4 4 4 0 0 0 0 
0 0 4 4 4 4 4 4 0 0 0 0 
2 2 0 0 0 0 0 0 3 0 0 0 
2 2 0 0 0 0 0 0 3 0 0 0 
2 2 0 0 0 0 0 0 3 0 0 0 
2 2 0 0 0 0 0 0 0 0 0 0 
2 2 0 0 0 0 0 0 0 0 0 0 
2 2 0 0 0 0 0 0 0 0 0 0 
0 2 0 0 0 0 0 0 0 0 0 0 
0 0 0 0 0 0 0 0 0 0 0 0 
0 0 0 0 0 0 0 0 0 0 0 0 
i : 5 j : 8
0 0 4 4 4 4 4 4 0 0 0 0 
0 0 4 4 4 4 4 4 0 0 0 0 
2 2 0 0 0 0 0 0 3 0 0 0 
2 2 0 0 0 0 0 0 3 0 0 0 
2 2 0 0 0 0 0 0 3 0 0 0 
2 2 0 0 0 0 0 0 0 0 0 0 
2 2 0 0 0 0 0 0 0 0 0 0 
2 2 0 0 0 0 0 0 0 0 0 0 
2 2 0 0 0 0 0 0 0 0 0 0 
0 0 0 0 0 0 0 0 0 0 0 0 
0 0 0 0 0 0 0 0 0 0 0 0 
i : 5 j : 8
0 0 4 4 4 4 4 4 0 0 0 0 
0 0 4 4 4 4 4 4 0 0 0 0 
2 2 0 0 0 0 0 0 3 0 0 0 
2 2 0 0 0 0 0 0 3 0 0 0 
2 2 0 0 0 0 0 0 3 0 0 0 
2 2 0 0 0 0 0 0 1 0 0 0 
2 2 0 0 0 0 0 0 0 0 0 0 
2 2 0 0 0 0 0 0 0 0 0 0 
2 2 0 0 0 0 0 0 0 0 0 0 
0 0 0 0 0 0 0 0 0 0 0 0 
0 0 0 0 0 0 0 0 0 0 0 0 
i : 9 j : 1
0 0 4 4 4 4 4 4 0 0 0 0 
0 0 4 4 4 4 4 4 0 0 0 0 
2 2 0 0 0 0 0 0 3 0 0 0 
2 2 0 0 0 0 0 0 3 0 0 0 
2 2 0 0 0 0 0 0 3 0 0 0 
2 2 0 0 0 0 0 0 3 0 0 0 
2 2 0 0 0 0 0 0 0 0 0 0 
2 2 0 0 0 0 0 0 0 0 0 0 
2 2 0 0 0 0 0 0 0 0 0 0 
0 0 0 0 0 0 0 0 0 0 0 0 
0 0 0 0 0 0 0 0 0 0 0 0 
i : 9 j : 0
0 0 4 4 4 4 4 4 0 0 0 0 
0 0 4 4 4 4 4 4 0 0 0 0 
2 2 0 0 0 0 0 0 3 0 0 0 
2 2 0 0 0 0 0 0 3 0 0 0 
2 2 0 0 0 0 0 0 3 0 0 0 
2 2 0 0 0 0 0 0 3 0 0 0 
2 2 0 0 0 0 0 0 0 0 0 0 
2 2 0 0 0 0 0 0 0 0 0 0 
2 2 0 0 0 0 0 0 0 0 0 0 
0 2 0 0 0 0 0 0 0 0 0 0 
0 0 0 0 0 0 0 0 0 0 0 0 
i : 6 j : 8
0 0 4 4 4 4 4 4 0 0 0 0 
0 0 4 4 4 4 4 4 0 0 0 0 
2 2 0 0 0 0 0 0 3 0 0 0 
2 2 0 0 0 0 0 0 3 0 0 0 
2 2 0 0 0 0 0 0 3 0 0 0 
2 2 0 0 0 0 0 0 3 0 0 0 
2 2 0 0 0 0 0 0 0 0 0 0 
2 2 0 0 0 0 0 0 0 0 0 0 
2 2 0 0 0 0 0 0 0 0 0 0 
2 2 0 0 0 0 0 0 0 0 0 0 
0 0 0 0 0 0 0 0 0 0 0 0 
i : 6 j : 8
0 0 4 4 4 4 4 4 0 0 0 0 
0 0 4 4 4 4 4 4 0 0 0 0 
2 2 0 0 0 0 0 0 3 0 0 0 
2 2 0 0 0 0 0 0 3 0 0 0 
2 2 0 0 0 0 0 0 3 0 0 0 
2 2 0 0 0 0 0 0 3 0 0 0 
2 2 0 0 0 0 0 0 1 0 0 0 
2 2 0 0 0 0 0 0 0 0 0 0 
2 2 0 0 0 0 0 0 0 0 0 0 
2 2 0 0 0 0 0 0 0 0 0 0 
0 0 0 0 0 0 0 0 0 0 0 0 
i : 7 j : 8
0 0 4 4 4 4 4 4 0 0 0 0 
0 0 4 4 4 4 4 4 0 0 0 0 
2 2 0 0 0 0 0 0 3 0 0 0 
2 2 0 0 0 0 0 0 3 0 0 0 
2 2 0 0 0 0 0 0 3 0 0 0 
2 2 0 0 0 0 0 0 3 0 0 0 
2 2 0 0 0 0 0 0 3 0 0 0 
2 2 0 0 0 0 0 0 0 0 0 0 
2 2 0 0 0 0 0 0 0 0 0 0 
2 2 0 0 0 0 0 0 0 0 0 0 
0 0 0 0 0 0 0 0 0 0 0 0 
i : 7 j : 8
0 0 4 4 4 4 4 4 0 0 0 0 
0 0 4 4 4 4 4 4 0 0 0 0 
2 2 0 0 0 0 0 0 3 0 0 0 
2 2 0 0 0 0 0 0 3 0 0 0 
2 2 0 0 0 0 0 0 3 0 0 0 
2 2 0 0 0 0 0 0 3 0 0 0 
2 2 0 0 0 0 0 0 3 0 0 0 
2 2 0 0 0 0 0 0 1 0 0 0 
2 2 0 0 0 0 0 0 0 0 0 0 
2 2 0 0 0 0 0 0 0 0 0 0 
0 0 0 0 0 0 0 0 0 0 0 0 
i : 8 j : 8
0 0 4 4 4 4 4 4 0 0 0 0 
0 0 4 4 4 4 4 4 0 0 0 0 
2 2 0 0 0 0 0 0 3 0 0 0 
2 2 0 0 0 0 0 0 3 0 0 0 
2 2 0 0 0 0 0 0 3 0 0 0 
2 2 0 0 0 0 0 0 3 0 0 0 
2 2 0 0 0 0 0 0 3 0 0 0 
2 2 0 0 0 0 0 0 3 0 0 0 
2 2 0 0 0 0 0 0 0 0 0 0 
2 2 0 0 0 0 0 0 0 0 0 0 
0 0 0 0 0 0 0 0 0 0 0 0 
i : 8 j : 7
0 0 4 4 4 4 4 4 0 0 0 0 
0 0 4 4 4 4 4 4 0 0 0 0 
2 2 0 0 0 0 0 0 3 0 0 0 
2 2 0 0 0 0 0 0 3 0 0 0 
2 2 0 0 0 0 0 0 3 0 0 0 
2 2 0 0 0 0 0 0 3 0 0 0 
2 2 0 0 0 0 0 0 3 0 0 0 
2 2 0 0 0 0 0 0 3 0 0 0 
2 2 0 0 0 0 0 0 2 0 0 0 
2 2 0 0 0 0 0 0 0 0 0 0 
0 0 0 0 0 0 0 0 0 0 0 0 
i : 8 j : 6
0 0 4 4 4 4 4 4 0 0 0 0 
0 0 4 4 4 4 4 4 0 0 0 0 
2 2 0 0 0 0 0 0 3 0 0 0 
2 2 0 0 0 0 0 0 3 0 0 0 
2 2 0 0 0 0 0 0 3 0 0 0 
2 2 0 0 0 0 0 0 3 0 0 0 
2 2 0 0 0 0 0 0 3 0 0 0 
2 2 0 0 0 0 0 0 3 0 0 0 
2 2 0 0 0 0 0 2 2 0 0 0 
2 2 0 0 0 0 0 0 0 0 0 0 
0 0 0 0 0 0 0 0 0 0 0 0 
i : 8 j : 5
0 0 4 4 4 4 4 4 0 0 0 0 
0 0 4 4 4 4 4 4 0 0 0 0 
2 2 0 0 0 0 0 0 3 0 0 0 
2 2 0 0 0 0 0 0 3 0 0 0 
2 2 0 0 0 0 0 0 3 0 0 0 
2 2 0 0 0 0 0 0 3 0 0 0 
2 2 0 0 0 0 0 0 3 0 0 0 
2 2 0 0 0 0 0 0 3 0 0 0 
2 2 0 0 0 0 2 2 2 0 0 0 
2 2 0 0 0 0 0 0 0 0 0 0 
0 0 0 0 0 0 0 0 0 0 0 0 
i : 8 j : 4
0 0 4 4 4 4 4 4 0 0 0 0 
0 0 4 4 4 4 4 4 0 0 0 0 
2 2 0 0 0 0 0 0 3 0 0 0 
2 2 0 0 0 0 0 0 3 0 0 0 
2 2 0 0 0 0 0 0 3 0 0 0 
2 2 0 0 0 0 0 0 3 0 0 0 
2 2 0 0 0 0 0 0 3 0 0 0 
2 2 0 0 0 0 0 0 3 0 0 0 
2 2 0 0 0 2 2 2 2 0 0 0 
2 2 0 0 0 0 0 0 0 0 0 0 
0 0 0 0 0 0 0 0 0 0 0 0 
i : 8 j : 3
0 0 4 4 4 4 4 4 0 0 0 0 
0 0 4 4 4 4 4 4 0 0 0 0 
2 2 0 0 0 0 0 0 3 0 0 0 
2 2 0 0 0 0 0 0 3 0 0 0 
2 2 0 0 0 0 0 0 3 0 0 0 
2 2 0 0 0 0 0 0 3 0 0 0 
2 2 0 0 0 0 0 0 3 0 0 0 
2 2 0 0 0 0 0 0 3 0 0 0 
2 2 0 0 2 2 2 2 2 0 0 0 
2 2 0 0 0 0 0 0 0 0 0 0 
0 0 0 0 0 0 0 0 0 0 0 0 
i : 8 j : 8
0 0 4 4 4 4 4 4 0 0 0 0 
0 0 4 4 4 4 4 4 0 0 0 0 
2 2 0 0 0 0 0 0 3 0 0 0 
2 2 0 0 0 0 0 0 3 0 0 0 
2 2 0 0 0 0 0 0 3 0 0 0 
2 2 0 0 0 0 0 0 3 0 0 0 
2 2 0 0 0 0 0 0 3 0 0 0 
2 2 0 0 0 0 0 0 3 0 0 0 
2 2 0 2 2 2 2 2 2 0 0 0 
2 2 0 0 0 0 0 0 0 0 0 0 
0 0 0 0 0 0 0 0 0 0 0 0 
i : 7 j : 8
0 0 4 4 4 4 4 4 0 0 0 0 
0 0 4 4 4 4 4 4 0 0 0 0 
2 2 0 0 0 0 0 0 3 0 0 0 
2 2 0 0 0 0 0 0 3 0 0 0 
2 2 0 0 0 0 0 0 3 0 0 0 
2 2 0 0 0 0 0 0 3 0 0 0 
2 2 0 0 0 0 0 0 3 0 0 0 
2 2 0 0 0 0 0 0 3 0 0 0 
2 2 0 2 2 2 2 2 6 0 0 0 
2 2 0 0 0 0 0 0 0 0 0 0 
0 0 0 0 0 0 0 0 0 0 0 0 
i : 6 j : 8
0 0 4 4 4 4 4 4 0 0 0 0 
0 0 4 4 4 4 4 4 0 0 0 0 
2 2 0 0 0 0 0 0 3 0 0 0 
2 2 0 0 0 0 0 0 3 0 0 0 
2 2 0 0 0 0 0 0 3 0 0 0 
2 2 0 0 0 0 0 0 3 0 0 0 
2 2 0 0 0 0 0 0 3 0 0 0 
2 2 0 0 0 0 0 0 7 0 0 0 
2 2 0 2 2 2 2 2 6 0 0 0 
2 2 0 0 0 0 0 0 0 0 0 0 
0 0 0 0 0 0 0 0 0 0 0 0 
i : 5 j : 8
0 0 4 4 4 4 4 4 0 0 0 0 
0 0 4 4 4 4 4 4 0 0 0 0 
2 2 0 0 0 0 0 0 3 0 0 0 
2 2 0 0 0 0 0 0 3 0 0 0 
2 2 0 0 0 0 0 0 3 0 0 0 
2 2 0 0 0 0 0 0 3 0 0 0 
2 2 0 0 0 0 0 0 7 0 0 0 
2 2 0 0 0 0 0 0 7 0 0 0 
2 2 0 2 2 2 2 2 6 0 0 0 
2 2 0 0 0 0 0 0 0 0 0 0 
0 0 0 0 0 0 0 0 0 0 0 0 
i : 4 j : 8
0 0 4 4 4 4 4 4 0 0 0 0 
0 0 4 4 4 4 4 4 0 0 0 0 
2 2 0 0 0 0 0 0 3 0 0 0 
2 2 0 0 0 0 0 0 3 0 0 0 
2 2 0 0 0 0 0 0 3 0 0 0 
2 2 0 0 0 0 0 0 7 0 0 0 
2 2 0 0 0 0 0 0 7 0 0 0 
2 2 0 0 0 0 0 0 7 0 0 0 
2 2 0 2 2 2 2 2 6 0 0 0 
2 2 0 0 0 0 0 0 0 0 0 0 
0 0 0 0 0 0 0 0 0 0 0 0 
i : 3 j : 8
0 0 4 4 4 4 4 4 0 0 0 0 
0 0 4 4 4 4 4 4 0 0 0 0 
2 2 0 0 0 0 0 0 3 0 0 0 
2 2 0 0 0 0 0 0 3 0 0 0 
2 2 0 0 0 0 0 0 7 0 0 0 
2 2 0 0 0 0 0 0 7 0 0 0 
2 2 0 0 0 0 0 0 7 0 0 0 
2 2 0 0 0 0 0 0 7 0 0 0 
2 2 0 2 2 2 2 2 6 0 0 0 
2 2 0 0 0 0 0 0 0 0 0 0 
0 0 0 0 0 0 0 0 0 0 0 0 
i : 2 j : 8
0 0 4 4 4 4 4 4 0 0 0 0 
0 0 4 4 4 4 4 4 0 0 0 0 
2 2 0 0 0 0 0 0 3 0 0 0 
2 2 0 0 0 0 0 0 7 0 0 0 
2 2 0 0 0 0 0 0 7 0 0 0 
2 2 0 0 0 0 0 0 7 0 0 0 
2 2 0 0 0 0 0 0 7 0 0 0 
2 2 0 0 0 0 0 0 7 0 0 0 
2 2 0 2 2 2 2 2 6 0 0 0 
2 2 0 0 0 0 0 0 0 0 0 0 
0 0 0 0 0 0 0 0 0 0 0 0 
i : 1 j : 8
0 0 4 4 4 4 4 4 0 0 0 0 
0 0 4 4 4 4 4 4 0 0 0 0 
2 2 0 0 0 0 0 0 7 0 0 0 
2 2 0 0 0 0 0 0 7 0 0 0 
2 2 0 0 0 0 0 0 7 0 0 0 
2 2 0 0 0 0 0 0 7 0 0 0 
2 2 0 0 0 0 0 0 7 0 0 0 
2 2 0 0 0 0 0 0 7 0 0 0 
2 2 0 2 2 2 2 2 6 0 0 0 
2 2 0 0 0 0 0 0 0 0 0 0 
0 0 0 0 0 0 0 0 0 0 0 0 
i : 0 j : 8
0 0 4 4 4 4 4 4 0 0 0 0 
0 0 4 4 4 4 4 4 4 0 0 0 
2 2 0 0 0 0 0 0 7 0 0 0 
2 2 0 0 0 0 0 0 7 0 0 0 
2 2 0 0 0 0 0 0 7 0 0 0 
2 2 0 0 0 0 0 0 7 0 0 0 
2 2 0 0 0 0 0 0 7 0 0 0 
2 2 0 0 0 0 0 0 7 0 0 0 
2 2 0 2 2 2 2 2 6 0 0 0 
2 2 0 0 0 0 0 0 0 0 0 0 
0 0 0 0 0 0 0 0 0 0 0 0 
i : 8 j : 7
0 0 4 4 4 4 4 4 4 0 0 0 
0 0 4 4 4 4 4 4 4 0 0 0 
2 2 0 0 0 0 0 0 7 0 0 0 
2 2 0 0 0 0 0 0 7 0 0 0 
2 2 0 0 0 0 0 0 7 0 0 0 
2 2 0 0 0 0 0 0 7 0 0 0 
2 2 0 0 0 0 0 0 7 0 0 0 
2 2 0 0 0 0 0 0 7 0 0 0 
2 2 0 2 2 2 2 2 6 0 0 0 
2 2 0 0 0 0 0 0 0 0 0 0 
0 0 0 0 0 0 0 0 0 0 0 0 
i : 1 j : 9
0 0 4 4 4 4 4 4 4 0 0 0 
0 0 4 4 4 4 4 4 4 0 0 0 
2 2 0 0 0 0 0 0 7 0 0 0 
2 2 0 0 0 0 0 0 7 0 0 0 
2 2 0 0 0 0 0 0 7 0 0 0 
2 2 0 0 0 0 0 0 7 0 0 0 
2 2 0 0 0 0 0 0 7 0 0 0 
2 2 0 0 0 0 0 0 7 0 0 0 
2 2 0 2 2 2 2 6 6 0 0 0 
2 2 0 0 0 0 0 0 0 0 0 0 
0 0 0 0 0 0 0 0 0 0 0 0 
i : 0 j : 9
0 0 4 4 4 4 4 4 4 0 0 0 
0 0 4 4 4 4 4 4 4 4 0 0 
2 2 0 0 0 0 0 0 7 0 0 0 
2 2 0 0 0 0 0 0 7 0 0 0 
2 2 0 0 0 0 0 0 7 0 0 0 
2 2 0 0 0 0 0 0 7 0 0 0 
2 2 0 0 0 0 0 0 7 0 0 0 
2 2 0 0 0 0 0 0 7 0 0 0 
2 2 0 2 2 2 2 6 6 0 0 0 
2 2 0 0 0 0 0 0 0 0 0 0 
0 0 0 0 0 0 0 0 0 0 0 0 
i : 8 j : 6
0 0 4 4 4 4 4 4 4 4 0 0 
0 0 4 4 4 4 4 4 4 4 0 0 
2 2 0 0 0 0 0 0 7 0 0 0 
2 2 0 0 0 0 0 0 7 0 0 0 
2 2 0 0 0 0 0 0 7 0 0 0 
2 2 0 0 0 0 0 0 7 0 0 0 
2 2 0 0 0 0 0 0 7 0 0 0 
2 2 0 0 0 0 0 0 7 0 0 0 
2 2 0 2 2 2 2 6 6 0 0 0 
2 2 0 0 0 0 0 0 0 0 0 0 
0 0 0 0 0 0 0 0 0 0 0 0 
i : 8 j : 5
0 0 4 4 4 4 4 4 4 4 0 0 
0 0 4 4 4 4 4 4 4 4 0 0 
2 2 0 0 0 0 0 0 7 0 0 0 
2 2 0 0 0 0 0 0 7 0 0 0 
2 2 0 0 0 0 0 0 7 0 0 0 
2 2 0 0 0 0 0 0 7 0 0 0 
2 2 0 0 0 0 0 0 7 0 0 0 
2 2 0 0 0 0 0 0 7 0 0 0 
2 2 0 2 2 2 6 6 6 0 0 0 
2 2 0 0 0 0 0 0 0 0 0 0 
0 0 0 0 0 0 0 0 0 0 0 0 
i : 2 j : 10
0 0 4 4 4 4 4 4 4 4 0 0 
0 0 4 4 4 4 4 4 4 4 0 0 
2 2 0 0 0 0 0 0 7 0 0 0 
2 2 0 0 0 0 0 0 7 0 0 0 
2 2 0 0 0 0 0 0 7 0 0 0 
2 2 0 0 0 0 0 0 7 0 0 0 
2 2 0 0 0 0 0 0 7 0 0 0 
2 2 0 0 0 0 0 0 7 0 0 0 
2 2 0 2 2 6 6 6 6 0 0 0 
2 2 0 0 0 0 0 0 0 0 0 0 
0 0 0 0 0 0 0 0 0 0 0 0 
i : 2 j : 11
0 0 4 4 4 4 4 4 4 4 0 0 
0 0 4 4 4 4 4 4 4 4 0 0 
2 2 0 0 0 0 0 0 7 0 1 0 
2 2 0 0 0 0 0 0 7 0 0 0 
2 2 0 0 0 0 0 0 7 0 0 0 
2 2 0 0 0 0 0 0 7 0 0 0 
2 2 0 0 0 0 0 0 7 0 0 0 
2 2 0 0 0 0 0 0 7 0 0 0 
2 2 0 2 2 6 6 6 6 0 0 0 
2 2 0 0 0 0 0 0 0 0 0 0 
0 0 0 0 0 0 0 0 0 0 0 0 
i : 8 j : 4
0 0 4 4 4 4 4 4 4 4 0 0 
0 0 4 4 4 4 4 4 4 4 0 0 
2 2 0 0 0 0 0 0 7 0 1 1 
2 2 0 0 0 0 0 0 7 0 0 0 
2 2 0 0 0 0 0 0 7 0 0 0 
2 2 0 0 0 0 0 0 7 0 0 0 
2 2 0 0 0 0 0 0 7 0 0 0 
2 2 0 0 0 0 0 0 7 0 0 0 
2 2 0 2 2 6 6 6 6 0 0 0 
2 2 0 0 0 0 0 0 0 0 0 0 
0 0 0 0 0 0 0 0 0 0 0 0 
i : 3 j : 10
0 0 4 4 4 4 4 4 4 4 0 0 
0 0 4 4 4 4 4 4 4 4 0 0 
2 2 0 0 0 0 0 0 7 0 1 1 
2 2 0 0 0 0 0 0 7 0 0 0 
2 2 0 0 0 0 0 0 7 0 0 0 
2 2 0 0 0 0 0 0 7 0 0 0 
2 2 0 0 0 0 0 0 7 0 0 0 
2 2 0 0 0 0 0 0 7 0 0 0 
2 2 0 2 6 6 6 6 6 0 0 0 
2 2 0 0 0 0 0 0 0 0 0 0 
0 0 0 0 0 0 0 0 0 0 0 0 
i : 3 j : 11
0 0 4 4 4 4 4 4 4 4 0 0 
0 0 4 4 4 4 4 4 4 4 0 0 
2 2 0 0 0 0 0 0 7 0 1 1 
2 2 0 0 0 0 0 0 7 0 1 0 
2 2 0 0 0 0 0 0 7 0 0 0 
2 2 0 0 0 0 0 0 7 0 0 0 
2 2 0 0 0 0 0 0 7 0 0 0 
2 2 0 0 0 0 0 0 7 0 0 0 
2 2 0 2 6 6 6 6 6 0 0 0 
2 2 0 0 0 0 0 0 0 0 0 0 
0 0 0 0 0 0 0 0 0 0 0 0 
i : 8 j : 3
0 0 4 4 4 4 4 4 4 4 0 0 
0 0 4 4 4 4 4 4 4 4 0 0 
2 2 0 0 0 0 0 0 7 0 1 1 
2 2 0 0 0 0 0 0 7 0 1 1 
2 2 0 0 0 0 0 0 7 0 0 0 
2 2 0 0 0 0 0 0 7 0 0 0 
2 2 0 0 0 0 0 0 7 0 0 0 
2 2 0 0 0 0 0 0 7 0 0 0 
2 2 0 2 6 6 6 6 6 0 0 0 
2 2 0 0 0 0 0 0 0 0 0 0 
0 0 0 0 0 0 0 0 0 0 0 0 
i : 8 j : 4
0 0 4 4 4 4 4 4 4 4 0 0 
0 0 4 4 4 4 4 4 4 4 0 0 
2 2 0 0 0 0 0 0 7 0 1 1 
2 2 0 0 0 0 0 0 7 0 1 1 
2 2 0 0 0 0 0 0 7 0 0 0 
2 2 0 0 0 0 0 0 7 0 0 0 
2 2 0 0 0 0 0 0 7 0 0 0 
2 2 0 0 0 0 0 0 7 0 0 0 
2 2 0 3 6 6 6 6 6 0 0 0 
2 2 0 0 0 0 0 0 0 0 0 0 
0 0 0 0 0 0 0 0 0 0 0 0 
i : 8 j : 5
0 0 4 4 4 4 4 4 4 4 0 0 
0 0 4 4 4 4 4 4 4 4 0 0 
2 2 0 0 0 0 0 0 7 0 1 1 
2 2 0 0 0 0 0 0 7 0 1 1 
2 2 0 0 0 0 0 0 7 0 0 0 
2 2 0 0 0 0 0 0 7 0 0 0 
2 2 0 0 0 0 0 0 7 0 0 0 
2 2 0 0 0 0 0 0 7 0 0 0 
2 2 0 3 7 6 6 6 6 0 0 0 
2 2 0 0 0 0 0 0 0 0 0 0 
0 0 0 0 0 0 0 0 0 0 0 0 
i : 8 j : 6
0 0 4 4 4 4 4 4 4 4 0 0 
0 0 4 4 4 4 4 4 4 4 0 0 
2 2 0 0 0 0 0 0 7 0 1 1 
2 2 0 0 0 0 0 0 7 0 1 1 
2 2 0 0 0 0 0 0 7 0 0 0 
2 2 0 0 0 0 0 0 7 0 0 0 
2 2 0 0 0 0 0 0 7 0 0 0 
2 2 0 0 0 0 0 0 7 0 0 0 
2 2 0 3 7 7 6 6 6 0 0 0 
2 2 0 0 0 0 0 0 0 0 0 0 
0 0 0 0 0 0 0 0 0 0 0 0 
i : 8 j : 7
0 0 4 4 4 4 4 4 4 4 0 0 
0 0 4 4 4 4 4 4 4 4 0 0 
2 2 0 0 0 0 0 0 7 0 1 1 
2 2 0 0 0 0 0 0 7 0 1 1 
2 2 0 0 0 0 0 0 7 0 0 0 
2 2 0 0 0 0 0 0 7 0 0 0 
2 2 0 0 0 0 0 0 7 0 0 0 
2 2 0 0 0 0 0 0 7 0 0 0 
2 2 0 3 7 7 7 6 6 0 0 0 
2 2 0 0 0 0 0 0 0 0 0 0 
0 0 0 0 0 0 0 0 0 0 0 0 
i : 8 j : 8
0 0 4 4 4 4 4 4 4 4 0 0 
0 0 4 4 4 4 4 4 4 4 0 0 
2 2 0 0 0 0 0 0 7 0 1 1 
2 2 0 0 0 0 0 0 7 0 1 1 
2 2 0 0 0 0 0 0 7 0 0 0 
2 2 0 0 0 0 0 0 7 0 0 0 
2 2 0 0 0 0 0 0 7 0 0 0 
2 2 0 0 0 0 0 0 7 0 0 0 
2 2 0 3 7 7 7 7 6 0 0 0 
2 2 0 0 0 0 0 0 0 0 0 0 
0 0 0 0 0 0 0 0 0 0 0 0 
w[i][j] : 13 start : (8, 3)
i : 8 j : 3
0 0 4 4 4 4 4 4 4 4 0 0 
0 0 4 4 4 4 4 4 4 4 0 0 
2 2 0 0 0 0 0 0 7 0 1 1 
2 2 0 0 0 0 0 0 7 0 1 1 
2 2 0 0 0 0 0 0 7 0 0 0 
2 2 0 0 0 0 0 0 7 0 0 0 
2 2 0 0 0 0 0 0 7 0 0 0 
2 2 0 0 0 0 0 0 7 0 0 0 
2 2 0 3 7 7 7 7 7 0 0 0 
2 2 0 0 0 0 0 0 0 0 0 0 
0 0 0 0 0 0 0 0 0 0 0 0 
i : 8 j : 3
0 0 4 4 4 4 4 4 4 4 0 0 
0 0 4 4 4 4 4 4 4 4 0 0 
2 2 0 0 0 0 0 0 7 0 1 1 
2 2 0 0 0 0 0 0 7 0 1 1 
2 2 0 0 0 0 0 0 7 0 0 0 
2 2 0 0 0 0 0 0 7 0 0 0 
2 2 0 0 0 0 0 0 7 0 0 0 
2 2 0 0 0 0 0 0 7 0 0 0 
2 2 0 3 7 7 7 7 7 0 0 0 
2 2 0 0 0 0 0 0 0 0 0 0 
0 0 0 0 0 0 0 0 0 0 0 0 
i : 7 j : 3
0 0 4 4 4 4 4 4 4 4 0 0 
0 0 4 4 4 4 4 4 4 4 0 0 
2 2 0 0 0 0 0 0 7 0 1 1 
2 2 0 0 0 0 0 0 7 0 1 1 
2 2 0 0 0 0 0 0 7 0 0 0 
2 2 0 0 0 0 0 0 7 0 0 0 
2 2 0 0 0 0 0 0 7 0 0 0 
2 2 0 0 0 0 0 0 7 0 0 0 
2 2 0 7 7 7 7 7 7 0 0 0 
2 2 0 0 0 0 0 0 0 0 0 0 
0 0 0 0 0 0 0 0 0 0 0 0 
i : 6 j : 3
0 0 4 4 4 4 4 4 4 4 0 0 
0 0 4 4 4 4 4 4 4 4 0 0 
2 2 0 0 0 0 0 0 7 0 1 1 
2 2 0 0 0 0 0 0 7 0 1 1 
2 2 0 0 0 0 0 0 7 0 0 0 
2 2 0 0 0 0 0 0 7 0 0 0 
2 2 0 0 0 0 0 0 7 0 0 0 
2 2 0 4 0 0 0 0 7 0 0 0 
2 2 0 7 7 7 7 7 7 0 0 0 
2 2 0 0 0 0 0 0 0 0 0 0 
0 0 0 0 0 0 0 0 0 0 0 0 
i : 5 j : 3
0 0 4 4 4 4 4 4 4 4 0 0 
0 0 4 4 4 4 4 4 4 4 0 0 
2 2 0 0 0 0 0 0 7 0 1 1 
2 2 0 0 0 0 0 0 7 0 1 1 
2 2 0 0 0 0 0 0 7 0 0 0 
2 2 0 0 0 0 0 0 7 0 0 0 
2 2 0 4 0 0 0 0 7 0 0 0 
2 2 0 4 0 0 0 0 7 0 0 0 
2 2 0 7 7 7 7 7 7 0 0 0 
2 2 0 0 0 0 0 0 0 0 0 0 
0 0 0 0 0 0 0 0 0 0 0 0 
i : 4 j : 3
0 0 4 4 4 4 4 4 4 4 0 0 
0 0 4 4 4 4 4 4 4 4 0 0 
2 2 0 0 0 0 0 0 7 0 1 1 
2 2 0 0 0 0 0 0 7 0 1 1 
2 2 0 0 0 0 0 0 7 0 0 0 
2 2 0 4 0 0 0 0 7 0 0 0 
2 2 0 4 0 0 0 0 7 0 0 0 
2 2 0 4 0 0 0 0 7 0 0 0 
2 2 0 7 7 7 7 7 7 0 0 0 
2 2 0 0 0 0 0 0 0 0 0 0 
0 0 0 0 0 0 0 0 0 0 0 0 
i : 3 j : 3
0 0 4 4 4 4 4 4 4 4 0 0 
0 0 4 4 4 4 4 4 4 4 0 0 
2 2 0 0 0 0 0 0 7 0 1 1 
2 2 0 0 0 0 0 0 7 0 1 1 
2 2 0 4 0 0 0 0 7 0 0 0 
2 2 0 4 0 0 0 0 7 0 0 0 
2 2 0 4 0 0 0 0 7 0 0 0 
2 2 0 4 0 0 0 0 7 0 0 0 
2 2 0 7 7 7 7 7 7 0 0 0 
2 2 0 0 0 0 0 0 0 0 0 0 
0 0 0 0 0 0 0 0 0 0 0 0 
i : 4 j : 10
0 0 4 4 4 4 4 4 4 4 0 0 
0 0 4 4 4 4 4 4 4 4 0 0 
2 2 0 0 0 0 0 0 7 0 1 1 
2 2 0 4 0 0 0 0 7 0 1 1 
2 2 0 4 0 0 0 0 7 0 0 0 
2 2 0 4 0 0 0 0 7 0 0 0 
2 2 0 4 0 0 0 0 7 0 0 0 
2 2 0 4 0 0 0 0 7 0 0 0 
2 2 0 7 7 7 7 7 7 0 0 0 
2 2 0 0 0 0 0 0 0 0 0 0 
0 0 0 0 0 0 0 0 0 0 0 0 
i : 4 j : 11
0 0 4 4 4 4 4 4 4 4 0 0 
0 0 4 4 4 4 4 4 4 4 0 0 
2 2 0 0 0 0 0 0 7 0 1 1 
2 2 0 4 0 0 0 0 7 0 1 1 
2 2 0 4 0 0 0 0 7 0 1 0 
2 2 0 4 0 0 0 0 7 0 0 0 
2 2 0 4 0 0 0 0 7 0 0 0 
2 2 0 4 0 0 0 0 7 0 0 0 
2 2 0 7 7 7 7 7 7 0 0 0 
2 2 0 0 0 0 0 0 0 0 0 0 
0 0 0 0 0 0 0 0 0 0 0 0 
i : 7 j : 3
0 0 4 4 4 4 4 4 4 4 0 0 
0 0 4 4 4 4 4 4 4 4 0 0 
2 2 0 0 0 0 0 0 7 0 1 1 
2 2 0 4 0 0 0 0 7 0 1 1 
2 2 0 4 0 0 0 0 7 0 1 1 
2 2 0 4 0 0 0 0 7 0 0 0 
2 2 0 4 0 0 0 0 7 0 0 0 
2 2 0 4 0 0 0 0 7 0 0 0 
2 2 0 7 7 7 7 7 7 0 0 0 
2 2 0 0 0 0 0 0 0 0 0 0 
0 0 0 0 0 0 0 0 0 0 0 0 
i : 7 j : 3
0 0 4 4 4 4 4 4 4 4 0 0 
0 0 4 4 4 4 4 4 4 4 0 0 
2 2 0 0 0 0 0 0 7 0 1 1 
2 2 0 4 0 0 0 0 7 0 1 1 
2 2 0 4 0 0 0 0 7 0 1 1 
2 2 0 4 0 0 0 0 7 0 0 0 
2 2 0 4 0 0 0 0 7 0 0 0 
2 2 0 5 0 0 0 0 7 0 0 0 
2 2 0 7 7 7 7 7 7 0 0 0 
2 2 0 0 0 0 0 0 0 0 0 0 
0 0 0 0 0 0 0 0 0 0 0 0 
i : 7 j : 3
0 0 4 4 4 4 4 4 4 4 0 0 
0 0 4 4 4 4 4 4 4 4 0 0 
2 2 0 0 0 0 0 0 7 0 1 1 
2 2 0 4 0 0 0 0 7 0 1 1 
2 2 0 4 0 0 0 0 7 0 1 1 
2 2 0 4 0 0 0 0 7 0 0 0 
2 2 0 4 0 0 0 0 7 0 0 0 
2 2 0 7 0 0 0 0 7 0 0 0 
2 2 0 7 7 7 7 7 7 0 0 0 
2 2 0 0 0 0 0 0 0 0 0 0 
0 0 0 0 0 0 0 0 0 0 0 0 
i : 6 j : 3
0 0 4 4 4 4 4 4 4 4 0 0 
0 0 4 4 4 4 4 4 4 4 0 0 
2 2 0 0 0 0 0 0 7 0 1 1 
2 2 0 4 0 0 0 0 7 0 1 1 
2 2 0 4 0 0 0 0 7 0 1 1 
2 2 0 4 0 0 0 0 7 0 0 0 
2 2 0 4 0 0 0 0 7 0 0 0 
2 2 0 7 0 0 0 0 7 0 0 0 
2 2 0 7 7 7 7 7 7 0 0 0 
2 2 0 0 0 0 0 0 0 0 0 0 
0 0 0 0 0 0 0 0 0 0 0 0 
i : 5 j : 3
0 0 4 4 4 4 4 4 4 4 0 0 
0 0 4 4 4 4 4 4 4 4 0 0 
2 2 0 0 0 0 0 0 7 0 1 1 
2 2 0 4 0 0 0 0 7 0 1 1 
2 2 0 4 0 0 0 0 7 0 1 1 
2 2 0 4 0 0 0 0 7 0 0 0 
2 2 0 4 0 0 0 0 7 0 0 0 
2 2 0 7 0 0 0 0 7 0 0 0 
2 2 0 7 7 7 7 7 7 0 0 0 
2 2 0 0 0 0 0 0 0 0 0 0 
0 0 0 0 0 0 0 0 0 0 0 0 
i : 4 j : 3
0 0 4 4 4 4 4 4 4 4 0 0 
0 0 4 4 4 4 4 4 4 4 0 0 
2 2 0 0 0 0 0 0 7 0 1 1 
2 2 0 4 0 0 0 0 7 0 1 1 
2 2 0 4 0 0 0 0 7 0 1 1 
2 2 0 4 0 0 0 0 7 0 0 0 
2 2 0 4 0 0 0 0 7 0 0 0 
2 2 0 7 0 0 0 0 7 0 0 0 
2 2 0 7 7 7 7 7 7 0 0 0 
2 2 0 0 0 0 0 0 0 0 0 0 
0 0 0 0 0 0 0 0 0 0 0 0 
i : 3 j : 3
0 0 4 4 4 4 4 4 4 4 0 0 
0 0 4 4 4 4 4 4 4 4 0 0 
2 2 0 0 0 0 0 0 7 0 1 1 
2 2 0 4 0 0 0 0 7 0 1 1 
2 2 0 4 0 0 0 0 7 0 1 1 
2 2 0 4 0 0 0 0 7 0 0 0 
2 2 0 4 0 0 0 0 7 0 0 0 
2 2 0 7 0 0 0 0 7 0 0 0 
2 2 0 7 7 7 7 7 7 0 0 0 
2 2 0 0 0 0 0 0 0 0 0 0 
0 0 0 0 0 0 0 0 0 0 0 0 
i : 5 j : 10
0 0 4 4 4 4 4 4 4 4 0 0 
0 0 4 4 4 4 4 4 4 4 0 0 
2 2 0 0 0 0 0 0 7 0 1 1 
2 2 0 4 0 0 0 0 7 0 1 1 
2 2 0 4 0 0 0 0 7 0 1 1 
2 2 0 4 0 0 0 0 7 0 0 0 
2 2 0 4 0 0 0 0 7 0 0 0 
2 2 0 7 0 0 0 0 7 0 0 0 
2 2 0 7 7 7 7 7 7 0 0 0 
2 2 0 0 0 0 0 0 0 0 0 0 
0 0 0 0 0 0 0 0 0 0 0 0 
i : 5 j : 11
0 0 4 4 4 4 4 4 4 4 0 0 
0 0 4 4 4 4 4 4 4 4 0 0 
2 2 0 0 0 0 0 0 7 0 1 1 
2 2 0 4 0 0 0 0 7 0 1 1 
2 2 0 4 0 0 0 0 7 0 1 1 
2 2 0 4 0 0 0 0 7 0 1 0 
2 2 0 4 0 0 0 0 7 0 0 0 
2 2 0 7 0 0 0 0 7 0 0 0 
2 2 0 7 7 7 7 7 7 0 0 0 
2 2 0 0 0 0 0 0 0 0 0 0 
0 0 0 0 0 0 0 0 0 0 0 0 
i : 6 j : 3
0 0 4 4 4 4 4 4 4 4 0 0 
0 0 4 4 4 4 4 4 4 4 0 0 
2 2 0 0 0 0 0 0 7 0 1 1 
2 2 0 4 0 0 0 0 7 0 1 1 
2 2 0 4 0 0 0 0 7 0 1 1 
2 2 0 4 0 0 0 0 7 0 1 1 
2 2 0 4 0 0 0 0 7 0 0 0 
2 2 0 7 0 0 0 0 7 0 0 0 
2 2 0 7 7 7 7 7 7 0 0 0 
2 2 0 0 0 0 0 0 0 0 0 0 
0 0 0 0 0 0 0 0 0 0 0 0 
i : 6 j : 3
0 0 4 4 4 4 4 4 4 4 0 0 
0 0 4 4 4 4 4 4 4 4 0 0 
2 2 0 0 0 0 0 0 7 0 1 1 
2 2 0 4 0 0 0 0 7 0 1 1 
2 2 0 4 0 0 0 0 7 0 1 1 
2 2 0 4 0 0 0 0 7 0 1 1 
2 2 0 5 0 0 0 0 7 0 0 0 
2 2 0 7 0 0 0 0 7 0 0 0 
2 2 0 7 7 7 7 7 7 0 0 0 
2 2 0 0 0 0 0 0 0 0 0 0 
0 0 0 0 0 0 0 0 0 0 0 0 
i : 6 j : 3
0 0 4 4 4 4 4 4 4 4 0 0 
0 0 4 4 4 4 4 4 4 4 0 0 
2 2 0 0 0 0 0 0 7 0 1 1 
2 2 0 4 0 0 0 0 7 0 1 1 
2 2 0 4 0 0 0 0 7 0 1 1 
2 2 0 4 0 0 0 0 7 0 1 1 
2 2 0 7 0 0 0 0 7 0 0 0 
2 2 0 7 0 0 0 0 7 0 0 0 
2 2 0 7 7 7 7 7 7 0 0 0 
2 2 0 0 0 0 0 0 0 0 0 0 
0 0 0 0 0 0 0 0 0 0 0 0 
i : 5 j : 3
0 0 4 4 4 4 4 4 4 4 0 0 
0 0 4 4 4 4 4 4 4 4 0 0 
2 2 0 0 0 0 0 0 7 0 1 1 
2 2 0 4 0 0 0 0 7 0 1 1 
2 2 0 4 0 0 0 0 7 0 1 1 
2 2 0 4 0 0 0 0 7 0 1 1 
2 2 0 7 0 0 0 0 7 0 0 0 
2 2 0 7 0 0 0 0 7 0 0 0 
2 2 0 7 7 7 7 7 7 0 0 0 
2 2 0 0 0 0 0 0 0 0 0 0 
0 0 0 0 0 0 0 0 0 0 0 0 
i : 4 j : 3
0 0 4 4 4 4 4 4 4 4 0 0 
0 0 4 4 4 4 4 4 4 4 0 0 
2 2 0 0 0 0 0 0 7 0 1 1 
2 2 0 4 0 0 0 0 7 0 1 1 
2 2 0 4 0 0 0 0 7 0 1 1 
2 2 0 4 0 0 0 0 7 0 1 1 
2 2 0 7 0 0 0 0 7 0 0 0 
2 2 0 7 0 0 0 0 7 0 0 0 
2 2 0 7 7 7 7 7 7 0 0 0 
2 2 0 0 0 0 0 0 0 0 0 0 
0 0 0 0 0 0 0 0 0 0 0 0 
i : 3 j : 3
0 0 4 4 4 4 4 4 4 4 0 0 
0 0 4 4 4 4 4 4 4 4 0 0 
2 2 0 0 0 0 0 0 7 0 1 1 
2 2 0 4 0 0 0 0 7 0 1 1 
2 2 0 4 0 0 0 0 7 0 1 1 
2 2 0 4 0 0 0 0 7 0 1 1 
2 2 0 7 0 0 0 0 7 0 0 0 
2 2 0 7 0 0 0 0 7 0 0 0 
2 2 0 7 7 7 7 7 7 0 0 0 
2 2 0 0 0 0 0 0 0 0 0 0 
0 0 0 0 0 0 0 0 0 0 0 0 
i : 6 j : 10
0 0 4 4 4 4 4 4 4 4 0 0 
0 0 4 4 4 4 4 4 4 4 0 0 
2 2 0 0 0 0 0 0 7 0 1 1 
2 2 0 4 0 0 0 0 7 0 1 1 
2 2 0 4 0 0 0 0 7 0 1 1 
2 2 0 4 0 0 0 0 7 0 1 1 
2 2 0 7 0 0 0 0 7 0 0 0 
2 2 0 7 0 0 0 0 7 0 0 0 
2 2 0 7 7 7 7 7 7 0 0 0 
2 2 0 0 0 0 0 0 0 0 0 0 
0 0 0 0 0 0 0 0 0 0 0 0 
i : 6 j : 11
0 0 4 4 4 4 4 4 4 4 0 0 
0 0 4 4 4 4 4 4 4 4 0 0 
2 2 0 0 0 0 0 0 7 0 1 1 
2 2 0 4 0 0 0 0 7 0 1 1 
2 2 0 4 0 0 0 0 7 0 1 1 
2 2 0 4 0 0 0 0 7 0 1 1 
2 2 0 7 0 0 0 0 7 0 1 0 
2 2 0 7 0 0 0 0 7 0 0 0 
2 2 0 7 7 7 7 7 7 0 0 0 
2 2 0 0 0 0 0 0 0 0 0 0 
0 0 0 0 0 0 0 0 0 0 0 0 
i : 5 j : 3
0 0 4 4 4 4 4 4 4 4 0 0 
0 0 4 4 4 4 4 4 4 4 0 0 
2 2 0 0 0 0 0 0 7 0 1 1 
2 2 0 4 0 0 0 0 7 0 1 1 
2 2 0 4 0 0 0 0 7 0 1 1 
2 2 0 4 0 0 0 0 7 0 1 1 
2 2 0 7 0 0 0 0 7 0 1 1 
2 2 0 7 0 0 0 0 7 0 0 0 
2 2 0 7 7 7 7 7 7 0 0 0 
2 2 0 0 0 0 0 0 0 0 0 0 
0 0 0 0 0 0 0 0 0 0 0 0 
i : 5 j : 3
0 0 4 4 4 4 4 4 4 4 0 0 
0 0 4 4 4 4 4 4 4 4 0 0 
2 2 0 0 0 0 0 0 7 0 1 1 
2 2 0 4 0 0 0 0 7 0 1 1 
2 2 0 4 0 0 0 0 7 0 1 1 
2 2 0 5 0 0 0 0 7 0 1 1 
2 2 0 7 0 0 0 0 7 0 1 1 
2 2 0 7 0 0 0 0 7 0 0 0 
2 2 0 7 7 7 7 7 7 0 0 0 
2 2 0 0 0 0 0 0 0 0 0 0 
0 0 0 0 0 0 0 0 0 0 0 0 
i : 5 j : 3
0 0 4 4 4 4 4 4 4 4 0 0 
0 0 4 4 4 4 4 4 4 4 0 0 
2 2 0 0 0 0 0 0 7 0 1 1 
2 2 0 4 0 0 0 0 7 0 1 1 
2 2 0 4 0 0 0 0 7 0 1 1 
2 2 0 7 0 0 0 0 7 0 1 1 
2 2 0 7 0 0 0 0 7 0 1 1 
2 2 0 7 0 0 0 0 7 0 0 0 
2 2 0 7 7 7 7 7 7 0 0 0 
2 2 0 0 0 0 0 0 0 0 0 0 
0 0 0 0 0 0 0 0 0 0 0 0 
i : 4 j : 3
0 0 4 4 4 4 4 4 4 4 0 0 
0 0 4 4 4 4 4 4 4 4 0 0 
2 2 0 0 0 0 0 0 7 0 1 1 
2 2 0 4 0 0 0 0 7 0 1 1 
2 2 0 4 0 0 0 0 7 0 1 1 
2 2 0 7 0 0 0 0 7 0 1 1 
2 2 0 7 0 0 0 0 7 0 1 1 
2 2 0 7 0 0 0 0 7 0 0 0 
2 2 0 7 7 7 7 7 7 0 0 0 
2 2 0 0 0 0 0 0 0 0 0 0 
0 0 0 0 0 0 0 0 0 0 0 0 
i : 3 j : 3
0 0 4 4 4 4 4 4 4 4 0 0 
0 0 4 4 4 4 4 4 4 4 0 0 
2 2 0 0 0 0 0 0 7 0 1 1 
2 2 0 4 0 0 0 0 7 0 1 1 
2 2 0 4 0 0 0 0 7 0 1 1 
2 2 0 7 0 0 0 0 7 0 1 1 
2 2 0 7 0 0 0 0 7 0 1 1 
2 2 0 7 0 0 0 0 7 0 0 0 
2 2 0 7 7 7 7 7 7 0 0 0 
2 2 0 0 0 0 0 0 0 0 0 0 
0 0 0 0 0 0 0 0 0 0 0 0 
i : 7 j : 10
0 0 4 4 4 4 4 4 4 4 0 0 
0 0 4 4 4 4 4 4 4 4 0 0 
2 2 0 0 0 0 0 0 7 0 1 1 
2 2 0 4 0 0 0 0 7 0 1 1 
2 2 0 4 0 0 0 0 7 0 1 1 
2 2 0 7 0 0 0 0 7 0 1 1 
2 2 0 7 0 0 0 0 7 0 1 1 
2 2 0 7 0 0 0 0 7 0 0 0 
2 2 0 7 7 7 7 7 7 0 0 0 
2 2 0 0 0 0 0 0 0 0 0 0 
0 0 0 0 0 0 0 0 0 0 0 0 
i : 7 j : 11
0 0 4 4 4 4 4 4 4 4 0 0 
0 0 4 4 4 4 4 4 4 4 0 0 
2 2 0 0 0 0 0 0 7 0 1 1 
2 2 0 4 0 0 0 0 7 0 1 1 
2 2 0 4 0 0 0 0 7 0 1 1 
2 2 0 7 0 0 0 0 7 0 1 1 
2 2 0 7 0 0 0 0 7 0 1 1 
2 2 0 7 0 0 0 0 7 0 1 0 
2 2 0 7 7 7 7 7 7 0 0 0 
2 2 0 0 0 0 0 0 0 0 0 0 
0 0 0 0 0 0 0 0 0 0 0 0 
i : 4 j : 3
0 0 4 4 4 4 4 4 4 4 0 0 
0 0 4 4 4 4 4 4 4 4 0 0 
2 2 0 0 0 0 0 0 7 0 1 1 
2 2 0 4 0 0 0 0 7 0 1 1 
2 2 0 4 0 0 0 0 7 0 1 1 
2 2 0 7 0 0 0 0 7 0 1 1 
2 2 0 7 0 0 0 0 7 0 1 1 
2 2 0 7 0 0 0 0 7 0 1 1 
2 2 0 7 7 7 7 7 7 0 0 0 
2 2 0 0 0 0 0 0 0 0 0 0 
0 0 0 0 0 0 0 0 0 0 0 0 
i : 4 j : 3
0 0 4 4 4 4 4 4 4 4 0 0 
0 0 4 4 4 4 4 4 4 4 0 0 
2 2 0 0 0 0 0 0 7 0 1 1 
2 2 0 4 0 0 0 0 7 0 1 1 
2 2 0 5 0 0 0 0 7 0 1 1 
2 2 0 7 0 0 0 0 7 0 1 1 
2 2 0 7 0 0 0 0 7 0 1 1 
2 2 0 7 0 0 0 0 7 0 1 1 
2 2 0 7 7 7 7 7 7 0 0 0 
2 2 0 0 0 0 0 0 0 0 0 0 
0 0 0 0 0 0 0 0 0 0 0 0 
i : 4 j : 3
0 0 4 4 4 4 4 4 4 4 0 0 
0 0 4 4 4 4 4 4 4 4 0 0 
2 2 0 0 0 0 0 0 7 0 1 1 
2 2 0 4 0 0 0 0 7 0 1 1 
2 2 0 7 0 0 0 0 7 0 1 1 
2 2 0 7 0 0 0 0 7 0 1 1 
2 2 0 7 0 0 0 0 7 0 1 1 
2 2 0 7 0 0 0 0 7 0 1 1 
2 2 0 7 7 7 7 7 7 0 0 0 
2 2 0 0 0 0 0 0 0 0 0 0 
0 0 0 0 0 0 0 0 0 0 0 0 
i : 3 j : 3
0 0 4 4 4 4 4 4 4 4 0 0 
0 0 4 4 4 4 4 4 4 4 0 0 
2 2 0 0 0 0 0 0 7 0 1 1 
2 2 0 4 0 0 0 0 7 0 1 1 
2 2 0 7 0 0 0 0 7 0 1 1 
2 2 0 7 0 0 0 0 7 0 1 1 
2 2 0 7 0 0 0 0 7 0 1 1 
2 2 0 7 0 0 0 0 7 0 1 1 
2 2 0 7 7 7 7 7 7 0 0 0 
2 2 0 0 0 0 0 0 0 0 0 0 
0 0 0 0 0 0 0 0 0 0 0 0 
i : 8 j : 10
0 0 4 4 4 4 4 4 4 4 0 0 
0 0 4 4 4 4 4 4 4 4 0 0 
2 2 0 0 0 0 0 0 7 0 1 1 
2 2 0 4 0 0 0 0 7 0 1 1 
2 2 0 7 0 0 0 0 7 0 1 1 
2 2 0 7 0 0 0 0 7 0 1 1 
2 2 0 7 0 0 0 0 7 0 1 1 
2 2 0 7 0 0 0 0 7 0 1 1 
2 2 0 7 7 7 7 7 7 0 0 0 
2 2 0 0 0 0 0 0 0 0 0 0 
0 0 0 0 0 0 0 0 0 0 0 0 
i : 8 j : 11
0 0 4 4 4 4 4 4 4 4 0 0 
0 0 4 4 4 4 4 4 4 4 0 0 
2 2 0 0 0 0 0 0 7 0 1 1 
2 2 0 4 0 0 0 0 7 0 1 1 
2 2 0 7 0 0 0 0 7 0 1 1 
2 2 0 7 0 0 0 0 7 0 1 1 
2 2 0 7 0 0 0 0 7 0 1 1 
2 2 0 7 0 0 0 0 7 0 1 1 
2 2 0 7 7 7 7 7 7 0 1 0 
2 2 0 0 0 0 0 0 0 0 0 0 
0 0 0 0 0 0 0 0 0 0 0 0 
i : 3 j : 3
0 0 4 4 4 4 4 4 4 4 0 0 
0 0 4 4 4 4 4 4 4 4 0 0 
2 2 0 0 0 0 0 0 7 0 1 1 
2 2 0 4 0 0 0 0 7 0 1 1 
2 2 0 7 0 0 0 0 7 0 1 1 
2 2 0 7 0 0 0 0 7 0 1 1 
2 2 0 7 0 0 0 0 7 0 1 1 
2 2 0 7 0 0 0 0 7 0 1 1 
2 2 0 7 7 7 7 7 7 0 1 1 
2 2 0 0 0 0 0 0 0 0 0 0 
0 0 0 0 0 0 0 0 0 0 0 0 
i : 3 j : 4
0 0 4 4 4 4 4 4 4 4 0 0 
0 0 4 4 4 4 4 4 4 4 0 0 
2 2 0 0 0 0 0 0 7 0 1 1 
2 2 0 5 0 0 0 0 7 0 1 1 
2 2 0 7 0 0 0 0 7 0 1 1 
2 2 0 7 0 0 0 0 7 0 1 1 
2 2 0 7 0 0 0 0 7 0 1 1 
2 2 0 7 0 0 0 0 7 0 1 1 
2 2 0 7 7 7 7 7 7 0 1 1 
2 2 0 0 0 0 0 0 0 0 0 0 
0 0 0 0 0 0 0 0 0 0 0 0 
i : 3 j : 5
0 0 4 4 4 4 4 4 4 4 0 0 
0 0 4 4 4 4 4 4 4 4 0 0 
2 2 0 0 0 0 0 0 7 0 1 1 
2 2 0 5 1 0 0 0 7 0 1 1 
2 2 0 7 0 0 0 0 7 0 1 1 
2 2 0 7 0 0 0 0 7 0 1 1 
2 2 0 7 0 0 0 0 7 0 1 1 
2 2 0 7 0 0 0 0 7 0 1 1 
2 2 0 7 7 7 7 7 7 0 1 1 
2 2 0 0 0 0 0 0 0 0 0 0 
0 0 0 0 0 0 0 0 0 0 0 0 
i : 3 j : 6
0 0 4 4 4 4 4 4 4 4 0 0 
0 0 4 4 4 4 4 4 4 4 0 0 
2 2 0 0 0 0 0 0 7 0 1 1 
2 2 0 5 1 1 0 0 7 0 1 1 
2 2 0 7 0 0 0 0 7 0 1 1 
2 2 0 7 0 0 0 0 7 0 1 1 
2 2 0 7 0 0 0 0 7 0 1 1 
2 2 0 7 0 0 0 0 7 0 1 1 
2 2 0 7 7 7 7 7 7 0 1 1 
2 2 0 0 0 0 0 0 0 0 0 0 
0 0 0 0 0 0 0 0 0 0 0 0 
i : 3 j : 3
0 0 4 4 4 4 4 4 4 4 0 0 
0 0 4 4 4 4 4 4 4 4 0 0 
2 2 0 0 0 0 0 0 7 0 1 1 
2 2 0 5 1 1 1 0 7 0 1 1 
2 2 0 7 0 0 0 0 7 0 1 1 
2 2 0 7 0 0 0 0 7 0 1 1 
2 2 0 7 0 0 0 0 7 0 1 1 
2 2 0 7 0 0 0 0 7 0 1 1 
2 2 0 7 7 7 7 7 7 0 1 1 
2 2 0 0 0 0 0 0 0 0 0 0 
0 0 0 0 0 0 0 0 0 0 0 0 
i : 9 j : 10
0 0 4 4 4 4 4 4 4 4 0 0 
0 0 4 4 4 4 4 4 4 4 0 0 
2 2 0 0 0 0 0 0 7 0 1 1 
2 2 0 5 1 1 1 0 7 0 1 1 
2 2 0 7 0 0 0 0 7 0 1 1 
2 2 0 7 0 0 0 0 7 0 1 1 
2 2 0 7 0 0 0 0 7 0 1 1 
2 2 0 7 0 0 0 0 7 0 1 1 
2 2 0 7 7 7 7 7 7 0 1 1 
2 2 0 0 0 0 0 0 0 0 0 0 
0 0 0 0 0 0 0 0 0 0 0 0 
i : 9 j : 11
0 0 4 4 4 4 4 4 4 4 0 0 
0 0 4 4 4 4 4 4 4 4 0 0 
2 2 0 0 0 0 0 0 7 0 1 1 
2 2 0 5 1 1 1 0 7 0 1 1 
2 2 0 7 0 0 0 0 7 0 1 1 
2 2 0 7 0 0 0 0 7 0 1 1 
2 2 0 7 0 0 0 0 7 0 1 1 
2 2 0 7 0 0 0 0 7 0 1 1 
2 2 0 7 7 7 7 7 7 0 1 1 
2 2 0 0 0 0 0 0 0 0 1 0 
0 0 0 0 0 0 0 0 0 0 0 0 
i : 3 j : 4
0 0 4 4 4 4 4 4 4 4 0 0 
0 0 4 4 4 4 4 4 4 4 0 0 
2 2 0 0 0 0 0 0 7 0 1 1 
2 2 0 5 1 1 1 0 7 0 1 1 
2 2 0 7 0 0 0 0 7 0 1 1 
2 2 0 7 0 0 0 0 7 0 1 1 
2 2 0 7 0 0 0 0 7 0 1 1 
2 2 0 7 0 0 0 0 7 0 1 1 
2 2 0 7 7 7 7 7 7 0 1 1 
2 2 0 0 0 0 0 0 0 0 1 1 
0 0 0 0 0 0 0 0 0 0 0 0 
i : 4 j : 5
0 0 4 4 4 4 4 4 4 4 0 0 
0 0 4 4 4 4 4 4 4 4 0 0 
2 2 0 0 0 0 0 0 7 0 1 1 
2 2 0 5 5 1 1 0 7 0 1 1 
2 2 0 7 0 0 0 0 7 0 1 1 
2 2 0 7 0 0 0 0 7 0 1 1 
2 2 0 7 0 0 0 0 7 0 1 1 
2 2 0 7 0 0 0 0 7 0 1 1 
2 2 0 7 7 7 7 7 7 0 1 1 
2 2 0 0 0 0 0 0 0 0 1 1 
0 0 0 0 0 0 0 0 0 0 0 0 
i : 4 j : 6
0 0 4 4 4 4 4 4 4 4 0 0 
0 0 4 4 4 4 4 4 4 4 0 0 
2 2 0 0 0 0 0 0 7 0 1 1 
2 2 0 5 5 1 1 0 7 0 1 1 
2 2 0 7 0 1 0 0 7 0 1 1 
2 2 0 7 0 0 0 0 7 0 1 1 
2 2 0 7 0 0 0 0 7 0 1 1 
2 2 0 7 0 0 0 0 7 0 1 1 
2 2 0 7 7 7 7 7 7 0 1 1 
2 2 0 0 0 0 0 0 0 0 1 1 
0 0 0 0 0 0 0 0 0 0 0 0 
i : 5 j : 5
0 0 4 4 4 4 4 4 4 4 0 0 
0 0 4 4 4 4 4 4 4 4 0 0 
2 2 0 0 0 0 0 0 7 0 1 1 
2 2 0 5 5 1 1 0 7 0 1 1 
2 2 0 7 0 1 1 0 7 0 1 1 
2 2 0 7 0 0 0 0 7 0 1 1 
2 2 0 7 0 0 0 0 7 0 1 1 
2 2 0 7 0 0 0 0 7 0 1 1 
2 2 0 7 7 7 7 7 7 0 1 1 
2 2 0 0 0 0 0 0 0 0 1 1 
0 0 0 0 0 0 0 0 0 0 0 0 
i : 5 j : 6
0 0 4 4 4 4 4 4 4 4 0 0 
0 0 4 4 4 4 4 4 4 4 0 0 
2 2 0 0 0 0 0 0 7 0 1 1 
2 2 0 5 5 1 1 0 7 0 1 1 
2 2 0 7 0 1 1 0 7 0 1 1 
2 2 0 7 0 1 0 0 7 0 1 1 
2 2 0 7 0 0 0 0 7 0 1 1 
2 2 0 7 0 0 0 0 7 0 1 1 
2 2 0 7 7 7 7 7 7 0 1 1 
2 2 0 0 0 0 0 0 0 0 1 1 
0 0 0 0 0 0 0 0 0 0 0 0 
i : 6 j : 5
0 0 4 4 4 4 4 4 4 4 0 0 
0 0 4 4 4 4 4 4 4 4 0 0 
2 2 0 0 0 0 0 0 7 0 1 1 
2 2 0 5 5 1 1 0 7 0 1 1 
2 2 0 7 0 1 1 0 7 0 1 1 
2 2 0 7 0 1 1 0 7 0 1 1 
2 2 0 7 0 0 0 0 7 0 1 1 
2 2 0 7 0 0 0 0 7 0 1 1 
2 2 0 7 7 7 7 7 7 0 1 1 
2 2 0 0 0 0 0 0 0 0 1 1 
0 0 0 0 0 0 0 0 0 0 0 0 
i : 6 j : 6
0 0 4 4 4 4 4 4 4 4 0 0 
0 0 4 4 4 4 4 4 4 4 0 0 
2 2 0 0 0 0 0 0 7 0 1 1 
2 2 0 5 5 1 1 0 7 0 1 1 
2 2 0 7 0 1 1 0 7 0 1 1 
2 2 0 7 0 1 1 0 7 0 1 1 
2 2 0 7 0 1 0 0 7 0 1 1 
2 2 0 7 0 0 0 0 7 0 1 1 
2 2 0 7 7 7 7 7 7 0 1 1 
2 2 0 0 0 0 0 0 0 0 1 1 
0 0 0 0 0 0 0 0 0 0 0 0 
i : 6 j : 5
0 0 4 4 4 4 4 4 4 4 0 0 
0 0 4 4 4 4 4 4 4 4 0 0 
2 2 0 0 0 0 0 0 7 0 1 1 
2 2 0 5 5 1 1 0 7 0 1 1 
2 2 0 7 0 1 1 0 7 0 1 1 
2 2 0 7 0 1 1 0 7 0 1 1 
2 2 0 7 0 1 1 0 7 0 1 1 
2 2 0 7 0 0 0 0 7 0 1 1 
2 2 0 7 7 7 7 7 7 0 1 1 
2 2 0 0 0 0 0 0 0 0 1 1 
0 0 0 0 0 0 0 0 0 0 0 0 
i : 5 j : 5
0 0 4 4 4 4 4 4 4 4 0 0 
0 0 4 4 4 4 4 4 4 4 0 0 
2 2 0 0 0 0 0 0 7 0 1 1 
2 2 0 5 5 1 1 0 7 0 1 1 
2 2 0 7 0 1 1 0 7 0 1 1 
2 2 0 7 0 1 1 0 7 0 1 1 
2 2 0 7 0 5 1 0 7 0 1 1 
2 2 0 7 0 0 0 0 7 0 1 1 
2 2 0 7 7 7 7 7 7 0 1 1 
2 2 0 0 0 0 0 0 0 0 1 1 
0 0 0 0 0 0 0 0 0 0 0 0 
i : 4 j : 5
0 0 4 4 4 4 4 4 4 4 0 0 
0 0 4 4 4 4 4 4 4 4 0 0 
2 2 0 0 0 0 0 0 7 0 1 1 
2 2 0 5 5 1 1 0 7 0 1 1 
2 2 0 7 0 1 1 0 7 0 1 1 
2 2 0 7 0 5 1 0 7 0 1 1 
2 2 0 7 0 5 1 0 7 0 1 1 
2 2 0 7 0 0 0 0 7 0 1 1 
2 2 0 7 7 7 7 7 7 0 1 1 
2 2 0 0 0 0 0 0 0 0 1 1 
0 0 0 0 0 0 0 0 0 0 0 0 
i : 3 j : 5
0 0 4 4 4 4 4 4 4 4 0 0 
0 0 4 4 4 4 4 4 4 4 0 0 
2 2 0 0 0 0 0 0 7 0 1 1 
2 2 0 5 5 1 1 0 7 0 1 1 
2 2 0 7 0 5 1 0 7 0 1 1 
2 2 0 7 0 5 1 0 7 0 1 1 
2 2 0 7 0 5 1 0 7 0 1 1 
2 2 0 7 0 0 0 0 7 0 1 1 
2 2 0 7 7 7 7 7 7 0 1 1 
2 2 0 0 0 0 0 0 0 0 1 1 
0 0 0 0 0 0 0 0 0 0 0 0 
i : 6 j : 6
0 0 4 4 4 4 4 4 4 4 0 0 
0 0 4 4 4 4 4 4 4 4 0 0 
2 2 0 0 0 0 0 0 7 0 1 1 
2 2 0 5 5 5 1 0 7 0 1 1 
2 2 0 7 0 5 1 0 7 0 1 1 
2 2 0 7 0 5 1 0 7 0 1 1 
2 2 0 7 0 5 1 0 7 0 1 1 
2 2 0 7 0 0 0 0 7 0 1 1 
2 2 0 7 7 7 7 7 7 0 1 1 
2 2 0 0 0 0 0 0 0 0 1 1 
0 0 0 0 0 0 0 0 0 0 0 0 
i : 6 j : 5
0 0 4 4 4 4 4 4 4 4 0 0 
0 0 4 4 4 4 4 4 4 4 0 0 
2 2 0 0 0 0 0 0 7 0 1 1 
2 2 0 5 5 5 1 0 7 0 1 1 
2 2 0 7 0 5 1 0 7 0 1 1 
2 2 0 7 0 5 1 0 7 0 1 1 
2 2 0 7 0 5 3 0 7 0 1 1 
2 2 0 7 0 0 0 0 7 0 1 1 
2 2 0 7 7 7 7 7 7 0 1 1 
2 2 0 0 0 0 0 0 0 0 1 1 
0 0 0 0 0 0 0 0 0 0 0 0 
i : 6 j : 6
0 0 4 4 4 4 4 4 4 4 0 0 
0 0 4 4 4 4 4 4 4 4 0 0 
2 2 0 0 0 0 0 0 7 0 1 1 
2 2 0 5 5 5 1 0 7 0 1 1 
2 2 0 7 0 5 1 0 7 0 1 1 
2 2 0 7 0 5 1 0 7 0 1 1 
2 2 0 7 0 7 3 0 7 0 1 1 
2 2 0 7 0 0 0 0 7 0 1 1 
2 2 0 7 7 7 7 7 7 0 1 1 
2 2 0 0 0 0 0 0 0 0 1 1 
0 0 0 0 0 0 0 0 0 0 0 0 
i : 5 j : 6
0 0 4 4 4 4 4 4 4 4 0 0 
0 0 4 4 4 4 4 4 4 4 0 0 
2 2 0 0 0 0 0 0 7 0 1 1 
2 2 0 5 5 5 1 0 7 0 1 1 
2 2 0 7 0 5 1 0 7 0 1 1 
2 2 0 7 0 5 1 0 7 0 1 1 
2 2 0 7 0 7 7 0 7 0 1 1 
2 2 0 7 0 0 0 0 7 0 1 1 
2 2 0 7 7 7 7 7 7 0 1 1 
2 2 0 0 0 0 0 0 0 0 1 1 
0 0 0 0 0 0 0 0 0 0 0 0 
i : 4 j : 6
0 0 4 4 4 4 4 4 4 4 0 0 
0 0 4 4 4 4 4 4 4 4 0 0 
2 2 0 0 0 0 0 0 7 0 1 1 
2 2 0 5 5 5 1 0 7 0 1 1 
2 2 0 7 0 5 1 0 7 0 1 1 
2 2 0 7 0 5 5 0 7 0 1 1 
2 2 0 7 0 7 7 0 7 0 1 1 
2 2 0 7 0 0 0 0 7 0 1 1 
2 2 0 7 7 7 7 7 7 0 1 1 
2 2 0 0 0 0 0 0 0 0 1 1 
0 0 0 0 0 0 0 0 0 0 0 0 
i : 3 j : 6
0 0 4 4 4 4 4 4 4 4 0 0 
0 0 4 4 4 4 4 4 4 4 0 0 
2 2 0 0 0 0 0 0 7 0 1 1 
2 2 0 5 5 5 1 0 7 0 1 1 
2 2 0 7 0 5 5 0 7 0 1 1 
2 2 0 7 0 5 5 0 7 0 1 1 
2 2 0 7 0 7 7 0 7 0 1 1 
2 2 0 7 0 0 0 0 7 0 1 1 
2 2 0 7 7 7 7 7 7 0 1 1 
2 2 0 0 0 0 0 0 0 0 1 1 
0 0 0 0 0 0 0 0 0 0 0 0 
i : 5 j : 6
0 0 4 4 4 4 4 4 4 4 0 0 
0 0 4 4 4 4 4 4 4 4 0 0 
2 2 0 0 0 0 0 0 7 0 1 1 
2 2 0 5 5 5 5 0 7 0 1 1 
2 2 0 7 0 5 5 0 7 0 1 1 
2 2 0 7 0 5 5 0 7 0 1 1 
2 2 0 7 0 7 7 0 7 0 1 1 
2 2 0 7 0 0 0 0 7 0 1 1 
2 2 0 7 7 7 7 7 7 0 1 1 
2 2 0 0 0 0 0 0 0 0 1 1 
0 0 0 0 0 0 0 0 0 0 0 0 
i : 5 j : 5
0 0 4 4 4 4 4 4 4 4 0 0 
0 0 4 4 4 4 4 4 4 4 0 0 
2 2 0 0 0 0 0 0 7 0 1 1 
2 2 0 5 5 5 5 0 7 0 1 1 
2 2 0 7 0 5 5 0 7 0 1 1 
2 2 0 7 0 5 7 0 7 0 1 1 
2 2 0 7 0 7 7 0 7 0 1 1 
2 2 0 7 0 0 0 0 7 0 1 1 
2 2 0 7 7 7 7 7 7 0 1 1 
2 2 0 0 0 0 0 0 0 0 1 1 
0 0 0 0 0 0 0 0 0 0 0 0 
i : 5 j : 6
0 0 4 4 4 4 4 4 4 4 0 0 
0 0 4 4 4 4 4 4 4 4 0 0 
2 2 0 0 0 0 0 0 7 0 1 1 
2 2 0 5 5 5 5 0 7 0 1 1 
2 2 0 7 0 5 5 0 7 0 1 1 
2 2 0 7 0 7 7 0 7 0 1 1 
2 2 0 7 0 7 7 0 7 0 1 1 
2 2 0 7 0 0 0 0 7 0 1 1 
2 2 0 7 7 7 7 7 7 0 1 1 
2 2 0 0 0 0 0 0 0 0 1 1 
0 0 0 0 0 0 0 0 0 0 0 0 
i : 4 j : 6
0 0 4 4 4 4 4 4 4 4 0 0 
0 0 4 4 4 4 4 4 4 4 0 0 
2 2 0 0 0 0 0 0 7 0 1 1 
2 2 0 5 5 5 5 0 7 0 1 1 
2 2 0 7 0 5 5 0 7 0 1 1 
2 2 0 7 0 7 7 0 7 0 1 1 
2 2 0 7 0 7 7 0 7 0 1 1 
2 2 0 7 0 0 0 0 7 0 1 1 
2 2 0 7 7 7 7 7 7 0 1 1 
2 2 0 0 0 0 0 0 0 0 1 1 
0 0 0 0 0 0 0 0 0 0 0 0 
i : 3 j : 6
0 0 4 4 4 4 4 4 4 4 0 0 
0 0 4 4 4 4 4 4 4 4 0 0 
2 2 0 0 0 0 0 0 7 0 1 1 
2 2 0 5 5 5 5 0 7 0 1 1 
2 2 0 7 0 5 5 0 7 0 1 1 
2 2 0 7 0 7 7 0 7 0 1 1 
2 2 0 7 0 7 7 0 7 0 1 1 
2 2 0 7 0 0 0 0 7 0 1 1 
2 2 0 7 7 7 7 7 7 0 1 1 
2 2 0 0 0 0 0 0 0 0 1 1 
0 0 0 0 0 0 0 0 0 0 0 0 
i : 4 j : 6
0 0 4 4 4 4 4 4 4 4 0 0 
0 0 4 4 4 4 4 4 4 4 0 0 
2 2 0 0 0 0 0 0 7 0 1 1 
2 2 0 5 5 5 5 0 7 0 1 1 
2 2 0 7 0 5 5 0 7 0 1 1 
2 2 0 7 0 7 7 0 7 0 1 1 
2 2 0 7 0 7 7 0 7 0 1 1 
2 2 0 7 0 0 0 0 7 0 1 1 
2 2 0 7 7 7 7 7 7 0 1 1 
2 2 0 0 0 0 0 0 0 0 1 1 
0 0 0 0 0 0 0 0 0 0 0 0 
i : 4 j : 5
0 0 4 4 4 4 4 4 4 4 0 0 
0 0 4 4 4 4 4 4 4 4 0 0 
2 2 0 0 0 0 0 0 7 0 1 1 
2 2 0 5 5 5 5 0 7 0 1 1 
2 2 0 7 0 5 7 0 7 0 1 1 
2 2 0 7 0 7 7 0 7 0 1 1 
2 2 0 7 0 7 7 0 7 0 1 1 
2 2 0 7 0 0 0 0 7 0 1 1 
2 2 0 7 7 7 7 7 7 0 1 1 
2 2 0 0 0 0 0 0 0 0 1 1 
0 0 0 0 0 0 0 0 0 0 0 0 
i : 4 j : 6
0 0 4 4 4 4 4 4 4 4 0 0 
0 0 4 4 4 4 4 4 4 4 0 0 
2 2 0 0 0 0 0 0 7 0 1 1 
2 2 0 5 5 5 5 0 7 0 1 1 
2 2 0 7 0 7 7 0 7 0 1 1 
2 2 0 7 0 7 7 0 7 0 1 1 
2 2 0 7 0 7 7 0 7 0 1 1 
2 2 0 7 0 0 0 0 7 0 1 1 
2 2 0 7 7 7 7 7 7 0 1 1 
2 2 0 0 0 0 0 0 0 0 1 1 
0 0 0 0 0 0 0 0 0 0 0 0 
i : 3 j : 6
0 0 4 4 4 4 4 4 4 4 0 0 
0 0 4 4 4 4 4 4 4 4 0 0 
2 2 0 0 0 0 0 0 7 0 1 1 
2 2 0 5 5 5 5 0 7 0 1 1 
2 2 0 7 0 7 7 0 7 0 1 1 
2 2 0 7 0 7 7 0 7 0 1 1 
2 2 0 7 0 7 7 0 7 0 1 1 
2 2 0 7 0 0 0 0 7 0 1 1 
2 2 0 7 7 7 7 7 7 0 1 1 
2 2 0 0 0 0 0 0 0 0 1 1 
0 0 0 0 0 0 0 0 0 0 0 0 
i : 3 j : 6
0 0 4 4 4 4 4 4 4 4 0 0 
0 0 4 4 4 4 4 4 4 4 0 0 
2 2 0 0 0 0 0 0 7 0 1 1 
2 2 0 5 5 5 5 0 7 0 1 1 
2 2 0 7 0 7 7 0 7 0 1 1 
2 2 0 7 0 7 7 0 7 0 1 1 
2 2 0 7 0 7 7 0 7 0 1 1 
2 2 0 7 0 0 0 0 7 0 1 1 
2 2 0 7 7 7 7 7 7 0 1 1 
2 2 0 0 0 0 0 0 0 0 1 1 
0 0 0 0 0 0 0 0 0 0 0 0 
i : 3 j : 5
0 0 4 4 4 4 4 4 4 4 0 0 
0 0 4 4 4 4 4 4 4 4 0 0 
2 2 0 0 0 0 0 0 7 0 1 1 
2 2 0 5 5 5 7 0 7 0 1 1 
2 2 0 7 0 7 7 0 7 0 1 1 
2 2 0 7 0 7 7 0 7 0 1 1 
2 2 0 7 0 7 7 0 7 0 1 1 
2 2 0 7 0 0 0 0 7 0 1 1 
2 2 0 7 7 7 7 7 7 0 1 1 
2 2 0 0 0 0 0 0 0 0 1 1 
0 0 0 0 0 0 0 0 0 0 0 0 
i : 3 j : 4
0 0 4 4 4 4 4 4 4 4 0 0 
0 0 4 4 4 4 4 4 4 4 0 0 
2 2 0 0 0 0 0 0 7 0 1 1 
2 2 0 5 5 7 7 0 7 0 1 1 
2 2 0 7 0 7 7 0 7 0 1 1 
2 2 0 7 0 7 7 0 7 0 1 1 
2 2 0 7 0 7 7 0 7 0 1 1 
2 2 0 7 0 0 0 0 7 0 1 1 
2 2 0 7 7 7 7 7 7 0 1 1 
2 2 0 0 0 0 0 0 0 0 1 1 
0 0 0 0 0 0 0 0 0 0 0 0 
i : 3 j : 3
0 0 4 4 4 4 4 4 4 4 0 0 
0 0 4 4 4 4 4 4 4 4 0 0 
2 2 0 0 0 0 0 0 7 0 1 1 
2 2 0 5 7 7 7 0 7 0 1 1 
2 2 0 7 0 7 7 0 7 0 1 1 
2 2 0 7 0 7 7 0 7 0 1 1 
2 2 0 7 0 7 7 0 7 0 1 1 
2 2 0 7 0 0 0 0 7 0 1 1 
2 2 0 7 7 7 7 7 7 0 1 1 
2 2 0 0 0 0 0 0 0 0 1 1 
0 0 0 0 0 0 0 0 0 0 0 0 
i : 3 j : 6
0 0 4 4 4 4 4 4 4 4 0 0 
0 0 4 4 4 4 4 4 4 4 0 0 
2 2 0 0 0 0 0 0 7 0 1 1 
2 2 0 7 7 7 7 0 7 0 1 1 
2 2 0 7 0 7 7 0 7 0 1 1 
2 2 0 7 0 7 7 0 7 0 1 1 
2 2 0 7 0 7 7 0 7 0 1 1 
2 2 0 7 0 0 0 0 7 0 1 1 
2 2 0 7 7 7 7 7 7 0 1 1 
2 2 0 0 0 0 0 0 0 0 1 1 
0 0 0 0 0 0 0 0 0 0 0 0 
32
...0........
.3212345645.
.4######7#6.
.5#3452#8#7.
.6#2#61#9#8.
.7#1#70#0#9.
.8#0#89#1#0.
.9#9####2#1.
.0#876543#2.
.1########3.
.2........4.

- - - 0 - - - - - - - - 
- 3 2 1 2 3 4 5 6 4 5 - 
- 4 - - - - - - 7 - 6 - 
- 5 - 3 4 5 2 - 8 - 7 - 
- 6 - 2 - 6 1 - 9 - 8 - 
- 7 - 1 - 7 0 - 0 - 9 - 
- 8 - 0 - 8 9 - 1 - 0 - 
- 9 - 9 - - - - 2 - 1 - 
- 0 - 8 7 6 5 4 3 - 2 - 
- 1 - - - - - - - - 3 - 
- 2 - - - - - - - - 4 - 
