44
6 11
52 51 50 49 48 47 46 45 44 43 42 
162 14
1120 1119 1118 1117 1116 1115 1114 1113 1112 1111 1110 1109 1108 1107 
194 11
1333 1332 1331 1330 1329 1328 1327 1326 1325 1324 1323 
438 11
2966 2965 2964 2963 2962 2961 2960 2959 2958 2957 2956 
460 11
3114 3113 3112 3111 3110 3109 3108 3107 3106 3105 3104 
502 11
3392 3391 3390 3389 3388 3387 3386 3385 3384 3383 3382 
616 12
4143 4142 4141 4140 4139 4138 4137 4136 4135 4134 4133 4132 
682 11
4579 4578 4577 4576 4575 4574 4573 4572 4571 4570 4569 
698 11
4688 4687 4686 4685 4684 4683 4682 4681 4680 4679 4678 
714 11
4797 4796 4795 4794 4793 4792 4791 4790 4789 4788 4787 
818 11
5465 5464 5463 5462 5461 5460 5459 5458 5457 5456 5455 
836 11
5584 5583 5582 5581 5580 5579 5578 5577 5576 5575 5574 
906 11
6051 6050 6049 6048 6047 6046 6045 6044 6043 6042 6041 
928 11
6194 6193 6192 6191 6190 6189 6188 6187 6186 6185 6184 
967 12
6447 6446 6445 6444 6443 6442 6441 6440 6439 6438 6437 6434 
992 11
6617 6616 6615 6614 6613 6612 6611 6610 6609 6608 6607 
1194 11
7916 7915 7914 7913 7912 7911 7910 7909 7908 7907 7906 
1226 11
8115 8114 8113 8112 8111 8110 8109 8108 8107 8106 8105 
1254 11
8293 8292 8291 8290 8289 8288 8287 8286 8285 8284 8283 
1386 11
9138 9137 9136 9135 9134 9133 9132 9131 9130 9129 9128 
1407 12
9266 9265 9264 9263 9262 9261 9260 9259 9258 9257 9256 9253 
1412 12
9306 9305 9304 9303 9302 9301 9300 9299 9298 9297 9296 9295 
1479 12
9715 9714 9713 9712 9711 9710 9709 9708 9707 9706 9705 9703 
1500 11
9852 9851 9850 9849 9848 9847 9846 9845 9844 9843 9842 
1792 12
11634 11633 11632 11631 11630 11629 11628 11627 11626 11625 11624 11623 
1900 11
12292 12291 12290 12289 12288 12287 12286 12285 12284 12283 12282 
2188 12
14004 14003 14002 14001 14000 13999 13998 13997 13996 13995 13994 4478 
2195 12
14043 14042 14041 14040 14039 14038 14037 14036 14035 14034 14033 14031 
2762 12
17391 17390 17389 17388 17387 17386 17385 17384 17383 17382 17381 17380 
2772 11
17450 17449 17448 17447 17446 17445 17444 17443 17442 17441 17440 
3402 13
20973 20972 20971 20970 20969 20968 20967 20966 20965 20964 20963 12982 5075 
3616 12
22142 22141 22140 22139 22138 22137 22136 22135 22134 22133 22132 1897 
3932 12
23835 23834 23833 23832 23831 23830 23829 23828 23827 23826 23825 22467 
4425 11
26400 26399 26398 26397 26396 26395 26394 26393 26392 26391 26388 
4586 10
27208 27207 27206 27205 27204 27203 27202 27201 27200 27199 
4876 11
28632 28631 28630 28629 28628 28627 28626 28625 28624 28623 28622 
5292 12
30704 30703 30702 30701 30700 30699 30698 30697 30696 30695 19924 7883 
5456 11
31499 31498 31497 31496 31495 31494 31493 31492 31491 31490 20581 
5626 11
32294 32293 32292 32291 32290 32289 32288 32287 32286 32285 28898 
6064 11
34348 34347 34346 34345 34344 34343 34342 34341 34340 34339 31188 
6584 10
36652 36651 36650 36649 36648 36647 36646 36645 36644 36643 
6608 11
36755 36754 36753 36752 36751 36750 36749 36748 36747 36746 13284 
6700 11
37165 37164 37163 37162 37161 37160 37159 37158 37157 37156 37155 
6865 12
37906 37905 37904 37903 37902 37901 37900 37899 37898 37897 37895 11781 
