b b c d e f h h 9 9 9 
b c c d e f h h 9 9 9 
b c d d e f h h i j 9 
b c d e e f h h i j 9 
b c d e f f g h i j 9 
b c d e f g g h i j 9 
b c d e f g g h i j 9 
b c d e f g g i i j j 
b c d e f g g i i j j 
b c d e f g g i i j j 
a a a a a a a a a a a 

b b c d e f h h j j 9 9 
b c c d e f h h j j k 9 
b c d d e f h h j j k 9 
b c d e e f h h i j k 9 
b c d e f f h h i j k 9 
b c d e f g g h i j k 9 
b c d e f g g h i j k 9 
b c d e f g g i i j k 9 
b c d e f g g i i j k 9 
b c d e f g g i i k k 9 
b c d e f g g i i k k 9 
a a a a a a a a a a a a 

b b c d e f g i i k k 9 9 
b c c d e f g i i k k l 9 
b c d d e f g i i k k l 9 
b c d e e f g i i j k l 9 
b c d e f f g i i j k l 9 
b c d e f g g h i j k l 9 
b c d e f g h h i j k l 9 
b c d e f g h h i j k l 9 
b c d e f g h h j j k l 9 
b c d e f g h h j j k l 9 
b c d e f g h h j j l l 9 
b c d e f g h h j j l l 9 
a a a a a a a a a a a a a 

b b c d e f g h j j l l 9 9 
b c c d e f g h j j l l m 9 
b c d d e f g h j j l l m 9 
b c d e e f g h j j k l m 9 
b c d e f f g h j j k l m 9 
b c d e f g g h i j k l m 9 
b c d e f g h h i j k l m 9 
b c d e f g h i i j k l m 9 
b c d e f g h i i j k l m 9 
b c d e f g h i i k k l m 9 
b c d e f g h i i k k l m 9 
b c d e f g h i i k k m m 9 
b c d e f g h i i k k m m 9 
a a a a a a a a a a a a a a 

b b c d e f g h j j l l 9 9 9 
b c c d e f g h j j l l 9 9 9 
b c d d e f g h j j l l m n 9 
b c d e e f g h j j l l m n 9 
b c d e f f g h j j k l m n 9 
b c d e f g g h j j k l m n 9 
b c d e f g h h i j k l m n 9 
b c d e f g h i i j k l m n 9 
b c d e f g h i i j k l m n 9 
b c d e f g h i i k k l m n 9 
b c d e f g h i i k k l m n 9 
b c d e f g h i i k k m m n n 
b c d e f g h i i k k m m n n 
b c d e f g h i i k k m m n n 
a a a a a a a a a a a a a a a 

b b c d e f g h j j l l n n 9 9 
b c c d e f g h j j l l n n o 9 
b c d d e f g h j j l l n n o 9 
b c d e e f g h j j l l m n o 9 
b c d e f f g h j j l l m n o 9 
b c d e f g g h j j k l m n o 9 
b c d e f g h h j j k l m n o 9 
b c d e f g h i i j k l m n o 9 
b c d e f g h i i j k l m n o 9 
b c d e f g h i i k k l m n o 9 
b c d e f g h i i k k l m n o 9 
b c d e f g h i i k k m m n o 9 
b c d e f g h i i k k m m n o 9 
b c d e f g h i i k k m m o o 9 
b c d e f g h i i k k m m o o 9 
a a a a a a a a a a a a a a a a 

b b c d e f g h i k k m m o o 9 9 
b c c d e f g h i k k m m o o p 9 
b c d d e f g h i k k m m o o p 9 
b c d e e f g h i k k m m n o p 9 
b c d e f f g h i k k m m n o p 9 
b c d e f g g h i k k l m n o p 9 
b c d e f g h h i k k l m n o p 9 
b c d e f g h i i j k l m n o p 9 
b c d e f g h i j j k l m n o p 9 
b c d e f g h i j j k l m n o p 9 
b c d e f g h i j j l l m n o p 9 
b c d e f g h i j j l l m n o p 9 
b c d e f g h i j j l l n n o p 9 
b c d e f g h i j j l l n n o p 9 
b c d e f g h i j j l l n n p p 9 
b c d e f g h i j j l l n n p p 9 
a a a a a a a a a a a a a a a a a 

b b c d e f g h i j l l n n p p 9 9 
b c c d e f g h i j l l n n p p q 9 
b c d d e f g h i j l l n n p p q 9 
b c d e e f g h i j l l n n o p q 9 
b c d e f f g h i j l l n n o p q 9 
b c d e f g g h i j l l m n o p q 9 
b c d e f g h h i j l l m n o p q 9 
b c d e f g h i i j k l m n o p q 9 
b c d e f g h i j j k l m n o p q 9 
b c d e f g h i j k k l m n o p q 9 
b c d e f g h i j k k l m n o p q 9 
b c d e f g h i j k k m m n o p q 9 
b c d e f g h i j k k m m n o p q 9 
b c d e f g h i j k k m m o o p q 9 
b c d e f g h i j k k m m o o p q 9 
b c d e f g h i j k k m m o o q q 9 
b c d e f g h i j k k m m o o q q 9 
a a a a a a a a a a a a a a a a a a 

b b c d e f g h i j l l n n p p 9 9 9 
b c c d e f g h i j l l n n p p 9 9 9 
b c d d e f g h i j l l n n p p q r 9 
b c d e e f g h i j l l n n p p q r 9 
b c d e f f g h i j l l n n o p q r 9 
b c d e f g g h i j l l n n o p q r 9 
b c d e f g h h i j l l m n o p q r 9 
b c d e f g h i i j l l m n o p q r 9 
b c d e f g h i j j k l m n o p q r 9 
b c d e f g h i j k k l m n o p q r 9 
b c d e f g h i j k k l m n o p q r 9 
b c d e f g h i j k k m m n o p q r 9 
b c d e f g h i j k k m m n o p q r 9 
b c d e f g h i j k k m m o o p q r 9 
b c d e f g h i j k k m m o o p q r 9 
b c d e f g h i j k k m m o o q q r r 
b c d e f g h i j k k m m o o q q r r 
b c d e f g h i j k k m m o o q q r r 
a a a a a a a a a a a a a a a a a a a 

b b c d e f g h i j l l n n p p r r 9 9 
b c c d e f g h i j l l n n p p r r s 9 
b c d d e f g h i j l l n n p p r r s 9 
b c d e e f g h i j l l n n p p q r s 9 
b c d e f f g h i j l l n n p p q r s 9 
b c d e f g g h i j l l n n o p q r s 9 
b c d e f g h h i j l l n n o p q r s 9 
b c d e f g h i i j l l m n o p q r s 9 
b c d e f g h i j j l l m n o p q r s 9 
b c d e f g h i j k k l m n o p q r s 9 
b c d e f g h i j k k l m n o p q r s 9 
b c d e f g h i j k k m m n o p q r s 9 
b c d e f g h i j k k m m n o p q r s 9 
b c d e f g h i j k k m m o o p q r s 9 
b c d e f g h i j k k m m o o p q r s 9 
b c d e f g h i j k k m m o o q q r s 9 
b c d e f g h i j k k m m o o q q r s 9 
b c d e f g h i j k k m m o o q q s s 9 
b c d e f g h i j k k m m o o q q s s 9 
a a a a a a a a a a a a a a a a a a a a 

b b c d e f g h i j k m m o o q q s s 9 9 
b c c d e f g h i j k m m o o q q s s t 9 
b c d d e f g h i j k m m o o q q s s t 9 
b c d e e f g h i j k m m o o q q r s t 9 
b c d e f f g h i j k m m o o q q r s t 9 
b c d e f g g h i j k m m o o p q r s t 9 
b c d e f g h h i j k m m o o p q r s t 9 
b c d e f g h i i j k m m n o p q r s t 9 
b c d e f g h i j j k m m n o p q r s t 9 
b c d e f g h i j k k l m n o p q r s t 9 
b c d e f g h i j k l l m n o p q r s t 9 
b c d e f g h i j k l l m n o p q r s t 9 
b c d e f g h i j k l l n n o p q r s t 9 
b c d e f g h i j k l l n n o p q r s t 9 
b c d e f g h i j k l l n n p p q r s t 9 
b c d e f g h i j k l l n n p p q r s t 9 
b c d e f g h i j k l l n n p p r r s t 9 
b c d e f g h i j k l l n n p p r r s t 9 
b c d e f g h i j k l l n n p p r r t t 9 
b c d e f g h i j k l l n n p p r r t t 9 
a a a a a a a a a a a a a a a a a a a a a 

b b c d e f g h i j k l n n p p r r t t 9 9 
b c c d e f g h i j k l n n p p r r t t u 9 
b c d d e f g h i j k l n n p p r r t t u 9 
b c d e e f g h i j k l n n p p r r s t u 9 
b c d e f f g h i j k l n n p p r r s t u 9 
b c d e f g g h i j k l n n p p q r s t u 9 
b c d e f g h h i j k l n n p p q r s t u 9 
b c d e f g h i i j k l n n o p q r s t u 9 
b c d e f g h i j j k l n n o p q r s t u 9 
b c d e f g h i j k k l m n o p q r s t u 9 
b c d e f g h i j k l l m n o p q r s t u 9 
b c d e f g h i j k l m m n o p q r s t u 9 
b c d e f g h i j k l m m n o p q r s t u 9 
b c d e f g h i j k l m m o o p q r s t u 9 
b c d e f g h i j k l m m o o p q r s t u 9 
b c d e f g h i j k l m m o o q q r s t u 9 
b c d e f g h i j k l m m o o q q r s t u 9 
b c d e f g h i j k l m m o o q q s s t u 9 
b c d e f g h i j k l m m o o q q s s t u 9 
b c d e f g h i j k l m m o o q q s s u u 9 
b c d e f g h i j k l m m o o q q s s u u 9 
a a a a a a a a a a a a a a a a a a a a a a 

b b c d e f g h i j k l n n p p r r t t 9 9 9 
b c c d e f g h i j k l n n p p r r t t 9 9 9 
b c d d e f g h i j k l n n p p r r t t u v 9 
b c d e e f g h i j k l n n p p r r t t u v 9 
b c d e f f g h i j k l n n p p r r s t u v 9 
b c d e f g g h i j k l n n p p r r s t u v 9 
b c d e f g h h i j k l n n p p q r s t u v 9 
b c d e f g h i i j k l n n p p q r s t u v 9 
b c d e f g h i j j k l n n o p q r s t u v 9 
b c d e f g h i j k k l n n o p q r s t u v 9 
b c d e f g h i j k l l m n o p q r s t u v 9 
b c d e f g h i j k l m m n o p q r s t u v 9 
b c d e f g h i j k l m m n o p q r s t u v 9 
b c d e f g h i j k l m m o o p q r s t u v 9 
b c d e f g h i j k l m m o o p q r s t u v 9 
b c d e f g h i j k l m m o o q q r s t u v 9 
b c d e f g h i j k l m m o o q q r s t u v 9 
b c d e f g h i j k l m m o o q q s s t u v 9 
b c d e f g h i j k l m m o o q q s s t u v 9 
b c d e f g h i j k l m m o o q q s s u u v v 
b c d e f g h i j k l m m o o q q s s u u v v 
b c d e f g h i j k l m m o o q q s s u u v v 
a a a a a a a a a a a a a a a a a a a a a a a 

b b c d e f g h i j k l n n p p r r t t v v 9 9 
b c c d e f g h i j k l n n p p r r t t v v w 9 
b c d d e f g h i j k l n n p p r r t t v v w 9 
b c d e e f g h i j k l n n p p r r t t u v w 9 
b c d e f f g h i j k l n n p p r r t t u v w 9 
b c d e f g g h i j k l n n p p r r s t u v w 9 
b c d e f g h h i j k l n n p p r r s t u v w 9 
b c d e f g h i i j k l n n p p q r s t u v w 9 
b c d e f g h i j j k l n n p p q r s t u v w 9 
b c d e f g h i j k k l n n o p q r s t u v w 9 
b c d e f g h i j k l l n n o p q r s t u v w 9 
b c d e f g h i j k l m m n o p q r s t u v w 9 
b c d e f g h i j k l m m n o p q r s t u v w 9 
b c d e f g h i j k l m m o o p q r s t u v w 9 
b c d e f g h i j k l m m o o p q r s t u v w 9 
b c d e f g h i j k l m m o o q q r s t u v w 9 
b c d e f g h i j k l m m o o q q r s t u v w 9 
b c d e f g h i j k l m m o o q q s s t u v w 9 
b c d e f g h i j k l m m o o q q s s t u v w 9 
b c d e f g h i j k l m m o o q q s s u u v w 9 
b c d e f g h i j k l m m o o q q s s u u v w 9 
b c d e f g h i j k l m m o o q q s s u u w w 9 
b c d e f g h i j k l m m o o q q s s u u w w 9 
a a a a a a a a a a a a a a a a a a a a a a a a 

b b c d e f g h i j k l m o o q q s s u u w w 9 9 
b c c d e f g h i j k l m o o q q s s u u w w x 9 
b c d d e f g h i j k l m o o q q s s u u w w x 9 
b c d e e f g h i j k l m o o q q s s u u v w x 9 
b c d e f f g h i j k l m o o q q s s u u v w x 9 
b c d e f g g h i j k l m o o q q s s t u v w x 9 
b c d e f g h h i j k l m o o q q s s t u v w x 9 
b c d e f g h i i j k l m o o q q r s t u v w x 9 
b c d e f g h i j j k l m o o q q r s t u v w x 9 
b c d e f g h i j k k l m o o p q r s t u v w x 9 
b c d e f g h i j k l l m o o p q r s t u v w x 9 
b c d e f g h i j k l m m n o p q r s t u v w x 9 
b c d e f g h i j k l m n n o p q r s t u v w x 9 
b c d e f g h i j k l m n n o p q r s t u v w x 9 
b c d e f g h i j k l m n n p p q r s t u v w x 9 
b c d e f g h i j k l m n n p p q r s t u v w x 9 
b c d e f g h i j k l m n n p p r r s t u v w x 9 
b c d e f g h i j k l m n n p p r r s t u v w x 9 
b c d e f g h i j k l m n n p p r r t t u v w x 9 
b c d e f g h i j k l m n n p p r r t t u v w x 9 
b c d e f g h i j k l m n n p p r r t t v v w x 9 
b c d e f g h i j k l m n n p p r r t t v v w x 9 
b c d e f g h i j k l m n n p p r r t t v v x x 9 
b c d e f g h i j k l m n n p p r r t t v v x x 9 
a a a a a a a a a a a a a a a a a a a a a a a a a 

b b c d e f g h i j k l m n p p r r t t v v x x 9 9 
b c c d e f g h i j k l m n p p r r t t v v x x y 9 
b c d d e f g h i j k l m n p p r r t t v v x x y 9 
b c d e e f g h i j k l m n p p r r t t v v w x y 9 
b c d e f f g h i j k l m n p p r r t t v v w x y 9 
b c d e f g g h i j k l m n p p r r t t u v w x y 9 
b c d e f g h h i j k l m n p p r r t t u v w x y 9 
b c d e f g h i i j k l m n p p r r s t u v w x y 9 
b c d e f g h i j j k l m n p p r r s t u v w x y 9 
b c d e f g h i j k k l m n p p q r s t u v w x y 9 
b c d e f g h i j k l l m n p p q r s t u v w x y 9 
b c d e f g h i j k l m m n o p q r s t u v w x y 9 
b c d e f g h i j k l m n n o p q r s t u v w x y 9 
b c d e f g h i j k l m n o o p q r s t u v w x y 9 
b c d e f g h i j k l m n o o p q r s t u v w x y 9 
b c d e f g h i j k l m n o o q q r s t u v w x y 9 
b c d e f g h i j k l m n o o q q r s t u v w x y 9 
b c d e f g h i j k l m n o o q q s s t u v w x y 9 
b c d e f g h i j k l m n o o q q s s t u v w x y 9 
b c d e f g h i j k l m n o o q q s s u u v w x y 9 
b c d e f g h i j k l m n o o q q s s u u v w x y 9 
b c d e f g h i j k l m n o o q q s s u u w w x y 9 
b c d e f g h i j k l m n o o q q s s u u w w x y 9 
b c d e f g h i j k l m n o o q q s s u u w w y y 9 
b c d e f g h i j k l m n o o q q s s u u w w y y 9 
a a a a a a a a a a a a a a a a a a a a a a a a a a 

b b c d e f g h i j k l m n p p r r t t v v x x z z 9 
b c c d e f g h i j k l m n p p r r t t v v x x z z 9 
b c d d e f g h i j k l m n p p r r t t v v x x y @ 9 
b c d e e f g h i j k l m n p p r r t t v v x x y @ 9 
b c d e f f g h i j k l m n p p r r t t v v w x y @ 9 
b c d e f g g h i j k l m n p p r r t t v v w x y @ 9 
b c d e f g h h i j k l m n p p r r t t u v w x y @ 9 
b c d e f g h i i j k l m n p p r r t t u v w x y @ 9 
b c d e f g h i j j k l m n p p r r s t u v w x y @ 9 
b c d e f g h i j k k l m n p p r r s t u v w x y @ 9 
b c d e f g h i j k l l m n p p q r s t u v w x y @ 9 
b c d e f g h i j k l m m n p p q r s t u v w x y @ 9 
b c d e f g h i j k l m n n o p q r s t u v w x y @ 9 
b c d e f g h i j k l m n o o p q r s t u v w x y @ 9 
b c d e f g h i j k l m n o o p q r s t u v w x y @ 9 
b c d e f g h i j k l m n o o q q r s t u v w x y @ 9 
b c d e f g h i j k l m n o o q q r s t u v w x y @ 9 
b c d e f g h i j k l m n o o q q s s t u v w x y @ 9 
b c d e f g h i j k l m n o o q q s s t u v w x y @ 9 
b c d e f g h i j k l m n o o q q s s u u v w x y @ 9 
b c d e f g h i j k l m n o o q q s s u u v w x y @ 9 
b c d e f g h i j k l m n o o q q s s u u w w x y @ 9 
b c d e f g h i j k l m n o o q q s s u u w w x y @ 9 
b c d e f g h i j k l m n o o q q s s u u w w y y @ @ 
b c d e f g h i j k l m n o o q q s s u u w w y y @ @ 
b c d e f g h i j k l m n o o q q s s u u w w y y @ @ 
a a a a a a a a a a a a a a a a a a a a a a a a a a a 

b b c d e f g h i j k l m n p p r r t t v v x x z z 9 9 
b c c d e f g h i j k l m n p p r r t t v v x x z z A 9 
b c d d e f g h i j k l m n p p r r t t v v x x z z A 9 
b c d e e f g h i j k l m n p p r r t t v v x x y z A 9 
b c d e f f g h i j k l m n p p r r t t v v x x y z A 9 
b c d e f g g h i j k l m n p p r r t t v v w x y z A 9 
b c d e f g h h i j k l m n p p r r t t v v w x y z A 9 
b c d e f g h i i j k l m n p p r r t t u v w x y z A 9 
b c d e f g h i j j k l m n p p r r t t u v w x y z A 9 
b c d e f g h i j k k l m n p p r r s t u v w x y z A 9 
b c d e f g h i j k l l m n p p r r s t u v w x y z A 9 
b c d e f g h i j k l m m n p p q r s t u v w x y z A 9 
b c d e f g h i j k l m n n p p q r s t u v w x y z A 9 
b c d e f g h i j k l m n o o p q r s t u v w x y z A 9 
b c d e f g h i j k l m n o o p q r s t u v w x y z A 9 
b c d e f g h i j k l m n o o q q r s t u v w x y z A 9 
b c d e f g h i j k l m n o o q q r s t u v w x y z A 9 
b c d e f g h i j k l m n o o q q s s t u v w x y z A 9 
b c d e f g h i j k l m n o o q q s s t u v w x y z A 9 
b c d e f g h i j k l m n o o q q s s u u v w x y z A 9 
b c d e f g h i j k l m n o o q q s s u u v w x y z A 9 
b c d e f g h i j k l m n o o q q s s u u w w x y z A 9 
b c d e f g h i j k l m n o o q q s s u u w w x y z A 9 
b c d e f g h i j k l m n o o q q s s u u w w y y z A 9 
b c d e f g h i j k l m n o o q q s s u u w w y y z A 9 
b c d e f g h i j k l m n o o q q s s u u w w y y A A 9 
b c d e f g h i j k l m n o o q q s s u u w w y y A A 9 
a a a a a a a a a a a a a a a a a a a a a a a a a a a a 

b b c d e f g h i j k l m n o q q s s u u w w y y A A 9 9 
b c c d e f g h i j k l m n o q q s s u u w w y y A A B 9 
b c d d e f g h i j k l m n o q q s s u u w w y y A A B 9 
b c d e e f g h i j k l m n o q q s s u u w w y y z A B 9 
b c d e f f g h i j k l m n o q q s s u u w w y y z A B 9 
b c d e f g g h i j k l m n o q q s s u u w w x y z A B 9 
b c d e f g h h i j k l m n o q q s s u u w w x y z A B 9 
b c d e f g h i i j k l m n o q q s s u u v w x y z A B 9 
b c d e f g h i j j k l m n o q q s s u u v w x y z A B 9 
b c d e f g h i j k k l m n o q q s s t u v w x y z A B 9 
b c d e f g h i j k l l m n o q q s s t u v w x y z A B 9 
b c d e f g h i j k l m m n o q q r s t u v w x y z A B 9 
b c d e f g h i j k l m n n o q q r s t u v w x y z A B 9 
b c d e f g h i j k l m n o o p q r s t u v w x y z A B 9 
b c d e f g h i j k l m n o p p q r s t u v w x y z A B 9 
b c d e f g h i j k l m n o p p q r s t u v w x y z A B 9 
b c d e f g h i j k l m n o p p r r s t u v w x y z A B 9 
b c d e f g h i j k l m n o p p r r s t u v w x y z A B 9 
b c d e f g h i j k l m n o p p r r t t u v w x y z A B 9 
b c d e f g h i j k l m n o p p r r t t u v w x y z A B 9 
b c d e f g h i j k l m n o p p r r t t v v w x y z A B 9 
b c d e f g h i j k l m n o p p r r t t v v w x y z A B 9 
b c d e f g h i j k l m n o p p r r t t v v x x y z A B 9 
b c d e f g h i j k l m n o p p r r t t v v x x y z A B 9 
b c d e f g h i j k l m n o p p r r t t v v x x z z A B 9 
b c d e f g h i j k l m n o p p r r t t v v x x z z A B 9 
b c d e f g h i j k l m n o p p r r t t v v x x z z B B 9 
b c d e f g h i j k l m n o p p r r t t v v x x z z B B 9 
a a a a a a a a a a a a a a a a a a a a a a a a a a a a a 

b b c d e f g h i j k l m n o p r r t t v v x x z z B B 9 9 
b c c d e f g h i j k l m n o p r r t t v v x x z z B B C 9 
b c d d e f g h i j k l m n o p r r t t v v x x z z B B C 9 
b c d e e f g h i j k l m n o p r r t t v v x x z z A B C 9 
b c d e f f g h i j k l m n o p r r t t v v x x z z A B C 9 
b c d e f g g h i j k l m n o p r r t t v v x x y z A B C 9 
b c d e f g h h i j k l m n o p r r t t v v x x y z A B C 9 
b c d e f g h i i j k l m n o p r r t t v v w x y z A B C 9 
b c d e f g h i j j k l m n o p r r t t v v w x y z A B C 9 
b c d e f g h i j k k l m n o p r r t t u v w x y z A B C 9 
b c d e f g h i j k l l m n o p r r t t u v w x y z A B C 9 
b c d e f g h i j k l m m n o p r r s t u v w x y z A B C 9 
b c d e f g h i j k l m n n o p r r s t u v w x y z A B C 9 
b c d e f g h i j k l m n o o p q r s t u v w x y z A B C 9 
b c d e f g h i j k l m n o p p q r s t u v w x y z A B C 9 
b c d e f g h i j k l m n o p q q r s t u v w x y z A B C 9 
b c d e f g h i j k l m n o p q q r s t u v w x y z A B C 9 
b c d e f g h i j k l m n o p q q s s t u v w x y z A B C 9 
b c d e f g h i j k l m n o p q q s s t u v w x y z A B C 9 
b c d e f g h i j k l m n o p q q s s u u v w x y z A B C 9 
b c d e f g h i j k l m n o p q q s s u u v w x y z A B C 9 
b c d e f g h i j k l m n o p q q s s u u w w x y z A B C 9 
b c d e f g h i j k l m n o p q q s s u u w w x y z A B C 9 
b c d e f g h i j k l m n o p q q s s u u w w y y z A B C 9 
b c d e f g h i j k l m n o p q q s s u u w w y y z A B C 9 
b c d e f g h i j k l m n o p q q s s u u w w y y A A B C 9 
b c d e f g h i j k l m n o p q q s s u u w w y y A A B C 9 
b c d e f g h i j k l m n o p q q s s u u w w y y A A C C 9 
b c d e f g h i j k l m n o p q q s s u u w w y y A A C C 9 
a a a a a a a a a a a a a a a a a a a a a a a a a a a a a a 

