272
bbbbbbbbbbbbbbbbrbbbbbbbbbbbbbbb
bbbbbbbbbbbbbbbrbbbbbbbbbbbbbbbb
bbbbbbbbbbbbbbbrbbbbbbbbbbbbbbbr
bbbbbbbbbbbbbbbrbbbbbbbbbbbbbbrr
bbbbbbbbbbbbbbbrbbbbbbbbbbbbbrrb
bbbbbbbbbbbbbbbrbbbbbbbbbbbbrrbb
bbbbbbbbbbbbbbbrbbbbbbbbbbbrrbbb
bbbbbbbbbbbbbbbrbbbbbbbbbbrrbbbb
bbbbbbbbbbbbbbbrbbbbbbbbbrrbbbbb
bbbbbbbbbbbbbbbrbbbbbbbbrrbbbbbb
bbbbbbbbbbbbbbbrbbbbbbbrrbbbbbbb
bbbbbbbbbbbbbbbrbbbbbbrrbbbbbbbb
bbbbbbbbbbbbbbbrbbbbbrrbbbbbbbbb
bbbbbbbbbbbbbbbrbbbbrrbbbbbbbbbb
bbbbbbbbbbbbbbbrbbbrrbbbbbbbbbbb
bbbbbbbbbbbbbbbrbbrrbbbbbbbbbbbb
bbbbbbbbbbbbbbbrbrrbbbbbbbbbbbbb
bbbbbbbbbbbbbbbrrrbbbbbbbbbbbbbb
bbbbbbbbbbbbbbrbbbbbbbbbbbbbbbbr
bbbbbbbbbbbbbbrbbbbbbbbbbbbbbbrb
bbbbbbbbbbbbbbrbbbbbbbbbbbbbbbrr
bbbbbbbbbbbbbbrbbbbbbbbbbbbbbrbr
bbbbbbbbbbbbbbrbbbbbbbbbbbbbbrrb
bbbbbbbbbbbbbbrbbbbbbbbbbbbbbrrr
bbbbbbbbbbbbbbrbbbbbbbbbbbbbrbrb
bbbbbbbbbbbbbbrbbbbbbbbbbbbbrrbb
bbbbbbbbbbbbbbrbbbbbbbbbbbbbrrbr
bbbbbbbbbbbbbbrbbbbbbbbbbbbbrrrr
bbbbbbbbbbbbbbrbbbbbbbbbbbbrbrbb
bbbbbbbbbbbbbbrbbbbbbbbbbbbrrbbb
bbbbbbbbbbbbbbrbbbbbbbbbbbbrrbbr
bbbbbbbbbbbbbbrbbbbbbbbbbbbrrbrr
bbbbbbbbbbbbbbrbbbbbbbbbbbbrrrrb
bbbbbbbbbbbbbbrbbbbbbbbbbbrbrbbb
bbbbbbbbbbbbbbrbbbbbbbbbbbrrbbbb
bbbbbbbbbbbbbbrbbbbbbbbbbbrrbbbr
bbbbbbbbbbbbbbrbbbbbbbbbbbrrbbrr
bbbbbbbbbbbbbbrbbbbbbbbbbbrrbrrb
bbbbbbbbbbbbbbrbbbbbbbbbbbrrrrbb
bbbbbbbbbbbbbbrbbbbbbbbbbrbrbbbb
bbbbbbbbbbbbbbrbbbbbbbbbbrrbbbbb
bbbbbbbbbbbbbbrbbbbbbbbbbrrbbbbr
bbbbbbbbbbbbbbrbbbbbbbbbbrrbbbrr
bbbbbbbbbbbbbbrbbbbbbbbbbrrbbrrb
bbbbbbbbbbbbbbrbbbbbbbbbbrrbrrbb
bbbbbbbbbbbbbbrbbbbbbbbbbrrrrbbb
bbbbbbbbbbbbbbrbbbbbbbbbrbrbbbbb
bbbbbbbbbbbbbbrbbbbbbbbbrrbbbbbb
bbbbbbbbbbbbbbrbbbbbbbbbrrbbbbbr
bbbbbbbbbbbbbbrbbbbbbbbbrrbbbbrr
bbbbbbbbbbbbbbrbbbbbbbbbrrbbbrrb
bbbbbbbbbbbbbbrbbbbbbbbbrrbbrrbb
bbbbbbbbbbbbbbrbbbbbbbbbrrbrrbbb
bbbbbbbbbbbbbbrbbbbbbbbbrrrrbbbb
bbbbbbbbbbbbbbrbbbbbbbbrbrbbbbbb
bbbbbbbbbbbbbbrbbbbbbbbrrbbbbbbb
bbbbbbbbbbbbbbrbbbbbbbbrrbbbbbbr
bbbbbbbbbbbbbbrbbbbbbbbrrbbbbbrr
bbbbbbbbbbbbbbrbbbbbbbbrrbbbbrrb
bbbbbbbbbbbbbbrbbbbbbbbrrbbbrrbb
bbbbbbbbbbbbbbrbbbbbbbbrrbbrrbbb
bbbbbbbbbbbbbbrbbbbbbbbrrbrrbbbb
bbbbbbbbbbbbbbrbbbbbbbbrrrrbbbbb
bbbbbbbbbbbbbbrbbbbbbbrbrbbbbbbb
bbbbbbbbbbbbbbrbbbbbbbrrbbbbbbbb
bbbbbbbbbbbbbbrbbbbbbbrrbbbbbbbr
bbbbbbbbbbbbbbrbbbbbbbrrbbbbbbrr
bbbbbbbbbbbbbbrbbbbbbbrrbbbbbrrb
bbbbbbbbbbbbbbrbbbbbbbrrbbbbrrbb
bbbbbbbbbbbbbbrbbbbbbbrrbbbrrbbb
bbbbbbbbbbbbbbrbbbbbbbrrbbrrbbbb
bbbbbbbbbbbbbbrbbbbbbbrrbrrbbbbb
bbbbbbbbbbbbbbrbbbbbbbrrrrbbbbbb
bbbbbbbbbbbbbbrbbbbbbrbrbbbbbbbb
bbbbbbbbbbbbbbrbbbbbbrrbbbbbbbbb
bbbbbbbbbbbbbbrbbbbbbrrbbbbbbbbr
bbbbbbbbbbbbbbrbbbbbbrrbbbbbbbrr
bbbbbbbbbbbbbbrbbbbbbrrbbbbbbrrb
bbbbbbbbbbbbbbrbbbbbbrrbbbbbrrbb
bbbbbbbbbbbbbbrbbbbbbrrbbbbrrbbb
bbbbbbbbbbbbbbrbbbbbbrrbbbrrbbbb
bbbbbbbbbbbbbbrbbbbbbrrbbrrbbbbb
bbbbbbbbbbbbbbrbbbbbbrrbrrbbbbbb
bbbbbbbbbbbbbbrbbbbbbrrrrbbbbbbb
bbbbbbbbbbbbbbrbbbbbrbrbbbbbbbbb
bbbbbbbbbbbbbbrbbbbbrrbbbbbbbbbb
bbbbbbbbbbbbbbrbbbbbrrbbbbbbbbbr
bbbbbbbbbbbbbbrbbbbbrrbbbbbbbbrr
bbbbbbbbbbbbbbrbbbbbrrbbbbbbbrrb
bbbbbbbbbbbbbbrbbbbbrrbbbbbbrrbb
bbbbbbbbbbbbbbrbbbbbrrbbbbbrrbbb
bbbbbbbbbbbbbbrbbbbbrrbbbbrrbbbb
bbbbbbbbbbbbbbrbbbbbrrbbbrrbbbbb
bbbbbbbbbbbbbbrbbbbbrrbbrrbbbbbb
bbbbbbbbbbbbbbrbbbbbrrbrrbbbbbbb
bbbbbbbbbbbbbbrbbbbbrrrrbbbbbbbb
bbbbbbbbbbbbbbrbbbbrbrbbbbbbbbbb
bbbbbbbbbbbbbbrbbbbrrbbbbbbbbbbb
bbbbbbbbbbbbbbrbbbbrrbbbbbbbbbbr
bbbbbbbbbbbbbbrbbbbrrbbbbbbbbbrr
