8
0 0 0 0 0 0 0 0 
Success
7
0 0 0 0 0 0 0 
8
1 0 0 0 0 0 0 0 
Success
6
0 0 0 0 0 0 
8
0 1 0 0 0 0 0 0 
Success
8
1 1 0 0 0 0 0 0 
Success
7
0 0 0 0 0 0 0 
8
0 0 1 0 0 0 0 0 
Success
6
0 0 0 0 0 0 
8
1 0 1 0 0 0 0 0 
Success
8
0 1 1 0 0 0 0 0 
Success
7
1 1 0 0 0 0 0 
8
1 1 1 0 0 0 0 0 
Success
6
0 0 0 0 0 0 
8
0 0 0 1 0 0 0 0 
Success
8
1 0 0 1 0 0 0 0 
Success
6
0 0 0 0 0 0 
8
0 1 0 1 0 0 0 0 
Success
6
1 1 0 0 0 0 
8
1 1 0 1 0 0 0 0 
Success
8
0 0 1 1 0 0 0 0 
Success
7
0 1 1 0 0 0 0 
8
1 0 1 1 0 0 0 0 
Success
6
1 1 0 0 0 0 
8
0 1 1 1 0 0 0 0 
Success
8
1 1 1 1 0 0 0 0 
Success
7
0 0 0 0 0 0 0 
8
0 0 0 0 1 0 0 0 
Success
6
0 0 0 0 0 0 
8
1 0 0 0 1 0 0 0 
Success
8
0 1 0 0 1 0 0 0 
Success
7
1 1 0 0 0 0 0 
8
1 1 0 0 1 0 0 0 
Success
6
0 0 0 0 0 0 
8
0 0 1 0 1 0 0 0 
Success
6
0 0 1 0 0 0 
8
1 0 1 0 1 0 0 0 
Failure
7
0 1 0 1 0 0 0 
8
0 1 1 0 1 0 0 0 
Failure
6
1 1 0 0 0 0 
8
1 1 1 0 1 0 0 0 
Success
8
0 0 0 1 1 0 0 0 
Success
7
0 0 1 1 0 0 0 
8
1 0 0 1 1 0 0 0 
Success
6
0 1 1 0 0 0 
8
0 1 0 1 1 0 0 0 
Success
8
1 1 0 1 1 0 0 0 
Success
7
0 0 1 1 0 0 0 
8
0 0 1 1 1 0 0 0 
Success
6
0 1 1 0 0 0 
8
1 0 1 1 1 0 0 0 
Success
8
0 1 1 1 1 0 0 0 
Success
7
1 1 1 1 0 0 0 
8
1 1 1 1 1 0 0 0 
Success
6
0 0 0 0 0 0 
8
0 0 0 0 0 1 0 0 
Success
8
1 0 0 0 0 1 0 0 
Success
6
0 0 0 0 0 0 
8
0 1 0 0 0 1 0 0 
Success
6
1 1 0 0 0 0 
8
1 1 0 0 0 1 0 0 
Success
8
0 0 1 0 0 1 0 0 
Success
7
0 1 0 0 1 0 0 
8
1 0 1 0 0 1 0 0 
Success
6
1 0 0 1 0 0 
8
0 1 1 0 0 1 0 0 
Success
8
1 1 1 0 0 1 0 0 
Success
6
0 0 0 0 0 0 
8
0 0 0 1 0 1 0 0 
Success
6
1 0 0 1 0 0 
8
1 0 0 1 0 1 0 0 
Success
4
0 0 0 0 
8
0 1 0 1 0 1 0 0 
Success
6
1 1 0 0 0 0 
8
1 1 0 1 0 1 0 0 
Success
6
0 0 1 1 0 0 
8
0 0 1 1 0 1 0 0 
Success
8
1 0 1 1 0 1 0 0 
Success
6
0 1 1 0 0 0 
8
0 1 1 1 0 1 0 0 
Success
6
1 1 1 1 0 0 
8
1 1 1 1 0 1 0 0 
Success
8
0 0 0 0 1 1 0 0 
Success
7
0 0 0 1 1 0 0 
8
1 0 0 0 1 1 0 0 
Success
6
0 0 1 1 0 0 
8
0 1 0 0 1 1 0 0 
Success
8
1 1 0 0 1 1 0 0 
Success
7
0 0 0 1 1 0 0 
8
0 0 1 0 1 1 0 0 
Success
6
0 0 1 1 0 0 
8
1 0 1 0 1 1 0 0 
Success
8
0 1 1 0 1 1 0 0 
Success
7
1 1 0 1 1 0 0 
8
1 1 1 0 1 1 0 0 
Success
6
0 0 1 1 0 0 
8
0 0 0 1 1 1 0 0 
Success
8
1 0 0 1 1 1 0 0 
Success
6
0 0 1 1 0 0 
8
0 1 0 1 1 1 0 0 
Success
6
1 1 1 1 0 0 
8
1 1 0 1 1 1 0 0 
Success
8
0 0 1 1 1 1 0 0 
Success
7
0 1 1 1 1 0 0 
8
1 0 1 1 1 1 0 0 
Success
6
1 1 1 1 0 0 
8
0 1 1 1 1 1 0 0 
Success
8
1 1 1 1 1 1 0 0 
Success
7
0 0 0 0 0 0 0 
8
0 0 0 0 0 0 1 0 
Success
6
0 0 0 0 0 0 
8
1 0 0 0 0 0 1 0 
Success
8
0 1 0 0 0 0 1 0 
Success
7
1 1 0 0 0 0 0 
8
1 1 0 0 0 0 1 0 
Success
6
0 0 0 0 0 0 
8
0 0 1 0 0 0 1 0 
Success
6
0 0 0 0 1 0 
8
1 0 1 0 0 0 1 0 
Failure
7
0 1 0 0 0 1 0 
8
0 1 1 0 0 0 1 0 
Failure
6
1 1 0 0 0 0 
8
1 1 1 0 0 0 1 0 
Success
8
0 0 0 1 0 0 1 0 
Success
7
0 0 1 0 0 1 0 
8
1 0 0 1 0 0 1 0 
Success
6
0 1 0 0 1 0 
8
0 1 0 1 0 0 1 0 
Success
8
1 1 0 1 0 0 1 0 
Success
7
0 0 1 1 0 0 0 
8
0 0 1 1 0 0 1 0 
Success
6
0 1 0 0 1 0 
8
1 0 1 1 0 0 1 0 
Success
8
0 1 1 1 0 0 1 0 
Success
7
1 1 1 1 0 0 0 
8
1 1 1 1 0 0 1 0 
Success
6
0 0 0 0 0 0 
8
0 0 0 0 1 0 1 0 
Success
6
0 0 0 0 1 0 
8
1 0 0 0 1 0 1 0 
Failure
7
0 1 0 0 0 1 0 
8
0 1 0 0 1 0 1 0 
Failure
6
1 1 0 0 0 0 
8
1 1 0 0 1 0 1 0 
Success
6
0 0 0 0 1 0 
8
0 0 1 0 1 0 1 0 
Failure
6
0 0 1 0 1 0 
8
1 0 1 0 1 0 1 0 
Failure
6
0 1 0 0 1 0 
8
0 1 1 0 1 0 1 0 
Success
6
1 1 0 0 1 0 
8
1 1 1 0 1 0 1 0 
Failure
7
0 0 0 1 0 1 0 
8
0 0 0 1 1 0 1 0 
Failure
6
0 0 1 1 0 0 
8
1 0 0 1 1 0 1 0 
Success
8
0 1 0 1 1 0 1 0 
Success
7
1 1 0 1 0 1 0 
8
1 1 0 1 1 0 1 0 
Failure
6
0 0 1 1 0 0 
8
0 0 1 1 1 0 1 0 
Success
6
0 1 1 0 1 0 
8
1 0 1 1 1 0 1 0 
Failure
7
0 1 1 1 0 1 0 
8
0 1 1 1 1 0 1 0 
Failure
6
1 1 1 1 0 0 
8
1 1 1 1 1 0 1 0 
Success
8
0 0 0 0 0 1 1 0 
Success
7
0 0 0 0 1 1 0 
8
1 0 0 0 0 1 1 0 
Success
6
0 0 0 1 1 0 
8
0 1 0 0 0 1 1 0 
Success
8
1 1 0 0 0 1 1 0 
Success
7
0 0 0 0 1 1 0 
8
0 0 1 0 0 1 1 0 
Success
6
0 0 0 1 1 0 
8
1 0 1 0 0 1 1 0 
Success
8
0 1 1 0 0 1 1 0 
Success
7
1 1 0 0 1 1 0 
8
1 1 1 0 0 1 1 0 
Success
6
0 0 0 1 1 0 
8
0 0 0 1 0 1 1 0 
Success
8
1 0 0 1 0 1 1 0 
Success
6
0 0 0 1 1 0 
8
0 1 0 1 0 1 1 0 
Success
6
1 1 0 1 1 0 
8
1 1 0 1 0 1 1 0 
Success
8
0 0 1 1 0 1 1 0 
Success
7
0 1 1 0 1 1 0 
8
1 0 1 1 0 1 1 0 
Success
6
1 1 0 1 1 0 
8
0 1 1 1 0 1 1 0 
Success
8
1 1 1 1 0 1 1 0 
Success
7
0 0 0 0 1 1 0 
8
0 0 0 0 1 1 1 0 
Success
6
0 0 0 1 1 0 
8
1 0 0 0 1 1 1 0 
Success
8
0 1 0 0 1 1 1 0 
Success
7
1 1 0 0 1 1 0 
8
1 1 0 0 1 1 1 0 
Success
6
0 0 0 1 1 0 
8
0 0 1 0 1 1 1 0 
Success
6
0 0 1 1 1 0 
8
1 0 1 0 1 1 1 0 
Failure
7
0 1 0 1 1 1 0 
8
0 1 1 0 1 1 1 0 
Failure
6
1 1 0 1 1 0 
8
1 1 1 0 1 1 1 0 
Success
8
0 0 0 1 1 1 1 0 
Success
7
0 0 1 1 1 1 0 
8
1 0 0 1 1 1 1 0 
Success
6
0 1 1 1 1 0 
8
0 1 0 1 1 1 1 0 
Success
8
1 1 0 1 1 1 1 0 
Success
7
0 0 1 1 1 1 0 
8
0 0 1 1 1 1 1 0 
Success
6
0 1 1 1 1 0 
8
1 0 1 1 1 1 1 0 
Success
8
0 1 1 1 1 1 1 0 
Success
7
1 1 1 1 1 1 0 
8
1 1 1 1 1 1 1 0 
Success
6
0 0 0 0 0 0 
8
0 0 0 0 0 0 0 1 
Success
8
1 0 0 0 0 0 0 1 
Success
6
0 0 0 0 0 0 
8
0 1 0 0 0 0 0 1 
Success
6
1 1 0 0 0 0 
8
1 1 0 0 0 0 0 1 
Success
8
0 0 1 0 0 0 0 1 
Success
7
0 1 0 0 0 0 1 
8
1 0 1 0 0 0 0 1 
Success
6
1 0 0 0 0 1 
8
0 1 1 0 0 0 0 1 
Success
8
1 1 1 0 0 0 0 1 
Success
6
0 0 0 0 0 0 
8
0 0 0 1 0 0 0 1 
Success
6
1 0 0 0 0 1 
8
1 0 0 1 0 0 0 1 
Success
4
0 0 0 0 
8
0 1 0 1 0 0 0 1 
Success
6
1 1 0 0 0 0 
8
1 1 0 1 0 0 0 1 
Success
6
0 0 1 1 0 0 
8
0 0 1 1 0 0 0 1 
Success
8
1 0 1 1 0 0 0 1 
Success
6
0 1 1 0 0 0 
8
0 1 1 1 0 0 0 1 
Success
6
1 1 1 1 0 0 
8
1 1 1 1 0 0 0 1 
Success
8
0 0 0 0 1 0 0 1 
Success
7
0 0 0 1 0 0 1 
8
1 0 0 0 1 0 0 1 
Success
6
0 0 1 0 0 1 
8
0 1 0 0 1 0 0 1 
Success
8
1 1 0 0 1 0 0 1 
Success
7
0 0 0 1 0 0 1 
8
0 0 1 0 1 0 0 1 
Success
6
0 0 1 0 0 1 
8
1 0 1 0 1 0 0 1 
Success
8
0 1 1 0 1 0 0 1 
Success
7
1 1 0 1 0 0 1 
8
1 1 1 0 1 0 0 1 
Success
6
0 0 1 0 0 1 
8
0 0 0 1 1 0 0 1 
Success
8
1 0 0 1 1 0 0 1 
Success
6
0 0 1 0 0 1 
8
0 1 0 1 1 0 0 1 
Success
6
1 1 1 0 0 1 
8
1 1 0 1 1 0 0 1 
Success
8
0 0 1 1 1 0 0 1 
Success
7
0 1 1 1 0 0 1 
8
1 0 1 1 1 0 0 1 
Success
6
1 1 1 0 0 1 
8
0 1 1 1 1 0 0 1 
Success
8
1 1 1 1 1 0 0 1 
Success
6
0 0 0 0 0 0 
8
0 0 0 0 0 1 0 1 
Success
6
1 0 0 0 0 1 
8
1 0 0 0 0 1 0 1 
Success
4
0 0 0 0 
8
0 1 0 0 0 1 0 1 
Success
6
1 1 0 0 0 0 
8
1 1 0 0 0 1 0 1 
Success
6
0 0 1 0 0 1 
8
0 0 1 0 0 1 0 1 
Success
8
1 0 1 0 0 1 0 1 
Success
6
0 1 0 0 0 1 
8
0 1 1 0 0 1 0 1 
Failure
6
1 1 1 0 0 1 
8
1 1 1 0 0 1 0 1 
Success
4
0 0 0 0 
8
0 0 0 1 0 1 0 1 
Success
6
1 0 0 0 0 1 
8
1 0 0 1 0 1 0 1 
Success
4
0 0 0 0 
8
0 1 0 1 0 1 0 1 
Success
4
1 1 0 0 
8
1 1 0 1 0 1 0 1 
Success
6
0 0 1 1 0 0 
8
0 0 1 1 0 1 0 1 
Success
6
1 0 1 1 0 1 
8
1 0 1 1 0 1 0 1 
Success
4
0 1 1 0 
8
0 1 1 1 0 1 0 1 
Success
6
1 1 1 1 0 0 
8
1 1 1 1 0 1 0 1 
Success
6
0 0 0 0 1 1 
8
0 0 0 0 1 1 0 1 
Success
8
1 0 0 0 1 1 0 1 
Success
6
0 0 0 1 1 0 
8
0 1 0 0 1 1 0 1 
Success
6
1 1 0 0 1 1 
8
1 1 0 0 1 1 0 1 
Success
8
0 0 1 0 1 1 0 1 
Success
7
0 1 0 1 1 0 1 
8
1 0 1 0 1 1 0 1 
Success
6
1 0 1 1 0 1 
8
0 1 1 0 1 1 0 1 
Success
8
1 1 1 0 1 1 0 1 
Success
6
0 0 0 1 1 0 
8
0 0 0 1 1 1 0 1 
Success
6
1 0 1 1 0 1 
8
1 0 0 1 1 1 0 1 
Success
4
0 0 1 1 
8
0 1 0 1 1 1 0 1 
Success
6
1 1 0 1 1 0 
8
1 1 0 1 1 1 0 1 
Success
6
0 0 1 1 1 1 
8
0 0 1 1 1 1 0 1 
Success
8
1 0 1 1 1 1 0 1 
Success
6
0 1 1 1 1 0 
8
0 1 1 1 1 1 0 1 
Success
6
1 1 1 1 1 1 
8
1 1 1 1 1 1 0 1 
Success
8
0 0 0 0 0 0 1 1 
Success
7
0 0 0 0 0 1 1 
8
1 0 0 0 0 0 1 1 
Success
6
0 0 0 0 1 1 
8
0 1 0 0 0 0 1 1 
Success
8
1 1 0 0 0 0 1 1 
Success
7
0 0 0 0 0 1 1 
8
0 0 1 0 0 0 1 1 
Success
6
0 0 0 0 1 1 
8
1 0 1 0 0 0 1 1 
Success
8
0 1 1 0 0 0 1 1 
Success
7
1 1 0 0 0 1 1 
8
1 1 1 0 0 0 1 1 
Success
6
0 0 0 0 1 1 
8
0 0 0 1 0 0 1 1 
Success
8
1 0 0 1 0 0 1 1 
Success
6
0 0 0 0 1 1 
8
0 1 0 1 0 0 1 1 
Success
6
1 1 0 0 1 1 
8
1 1 0 1 0 0 1 1 
Success
8
0 0 1 1 0 0 1 1 
Success
7
0 1 1 0 0 1 1 
8
1 0 1 1 0 0 1 1 
Success
6
1 1 0 0 1 1 
8
0 1 1 1 0 0 1 1 
Success
8
1 1 1 1 0 0 1 1 
Success
7
0 0 0 0 0 1 1 
8
0 0 0 0 1 0 1 1 
Success
6
0 0 0 0 1 1 
8
1 0 0 0 1 0 1 1 
Success
8
0 1 0 0 1 0 1 1 
Success
7
1 1 0 0 0 1 1 
8
1 1 0 0 1 0 1 1 
Success
6
0 0 0 0 1 1 
8
0 0 1 0 1 0 1 1 
Success
5
0 0 1 0 1 
8
1 0 1 0 1 0 1 1 
Failure
7
0 1 0 1 0 1 1 
8
0 1 1 0 1 0 1 1 
Failure
6
1 1 0 0 1 1 
8
1 1 1 0 1 0 1 1 
Success
8
0 0 0 1 1 0 1 1 
Success
7
0 0 1 1 0 1 1 
8
1 0 0 1 1 0 1 1 
Success
6
0 1 1 0 1 1 
8
0 1 0 1 1 0 1 1 
Success
8
1 1 0 1 1 0 1 1 
Success
7
0 0 1 1 0 1 1 
8
0 0 1 1 1 0 1 1 
Success
6
0 1 1 0 1 1 
8
1 0 1 1 1 0 1 1 
Success
8
0 1 1 1 1 0 1 1 
Success
7
1 1 1 1 0 1 1 
8
1 1 1 1 1 0 1 1 
Success
6
0 0 0 0 1 1 
8
0 0 0 0 0 1 1 1 
Success
8
1 0 0 0 0 1 1 1 
Success
6
0 0 0 0 1 1 
8
0 1 0 0 0 1 1 1 
Success
6
1 1 0 0 1 1 
8
1 1 0 0 0 1 1 1 
Success
8
0 0 1 0 0 1 1 1 
Success
7
0 1 0 0 1 1 1 
8
1 0 1 0 0 1 1 1 
Success
6
1 0 0 1 1 1 
8
0 1 1 0 0 1 1 1 
Success
8
1 1 1 0 0 1 1 1 
Success
6
0 0 0 0 1 1 
8
0 0 0 1 0 1 1 1 
Success
6
1 0 0 1 1 1 
8
1 0 0 1 0 1 1 1 
Success
4
0 0 1 1 
8
0 1 0 1 0 1 1 1 
Success
6
1 1 0 0 1 1 
8
1 1 0 1 0 1 1 1 
Success
6
0 0 1 1 1 1 
8
0 0 1 1 0 1 1 1 
Success
8
1 0 1 1 0 1 1 1 
Success
6
0 1 1 0 1 1 
8
0 1 1 1 0 1 1 1 
Success
6
1 1 1 1 1 1 
8
1 1 1 1 0 1 1 1 
Success
8
0 0 0 0 1 1 1 1 
Success
7
0 0 0 1 1 1 1 
8
1 0 0 0 1 1 1 1 
Success
6
0 0 1 1 1 1 
8
0 1 0 0 1 1 1 1 
Success
8
1 1 0 0 1 1 1 1 
Success
7
0 0 0 1 1 1 1 
8
0 0 1 0 1 1 1 1 
Success
6
0 0 1 1 1 1 
8
1 0 1 0 1 1 1 1 
Success
8
0 1 1 0 1 1 1 1 
Success
7
1 1 0 1 1 1 1 
8
1 1 1 0 1 1 1 1 
Success
6
0 0 1 1 1 1 
8
0 0 0 1 1 1 1 1 
Success
8
1 0 0 1 1 1 1 1 
Success
6
0 0 1 1 1 1 
8
0 1 0 1 1 1 1 1 
Success
6
1 1 1 1 1 1 
8
1 1 0 1 1 1 1 1 
Success
8
0 0 1 1 1 1 1 1 
Success
7
0 1 1 1 1 1 1 
8
1 0 1 1 1 1 1 1 
Success
6
1 1 1 1 1 1 
8
0 1 1 1 1 1 1 1 
Success
8
1 1 1 1 1 1 1 1 
Success
