257! --
   (0)  120    (1)   44    (2)   43    (3)   45    (4)   42
   (5)   42    (6)   40    (7)   42    (8)   52    (9)   40
12! --
   (0)    4    (1)    1    (2)    0    (3)    0    (4)    1
   (5)    0    (6)    1    (7)    1    (8)    0    (9)    1
1! --
   (0)    0    (1)    1    (2)    0    (3)    0    (4)    0
   (5)    0    (6)    0    (7)    0    (8)    0    (9)    0
99! --
   (0)   28    (1)   15    (2)   19    (3)   10    (4)   10
   (5)   14    (6)   19    (7)    7    (8)   14    (9)   20
34! --
   (0)   11    (1)    2    (2)    4    (3)    3    (4)    4
   (5)    2    (6)    4    (7)    2    (8)    2    (9)    5
366! --
   (0)  160    (1)   93    (2)   58    (3)   60    (4)   74
   (5)   81    (6)   58    (7)   64    (8)   59    (9)   74
110! --
   (0)   38    (1)   18    (2)   23    (3)   13    (4)   18
   (5)   13    (6)   12    (7)   19    (8)   13    (9)   12
45! --
   (0)   13    (1)    7    (2)    4    (3)    5    (4)    4
   (5)    5    (6)    8    (7)    4    (8)    3    (9)    4
243! --
   (0)   94    (1)   46    (2)   35    (3)   30    (4)   42
   (5)   45    (6)   42    (7)   50    (8)   49    (9)   43
300! --
   (0)  121    (1)   42    (2)   66    (3)   54    (4)   53
   (5)   59    (6)   66    (7)   54    (8)   51    (9)   49
